[35m[1mConsolidate compiler generated dependencies of target decider[0m
[100%] Built target decider
-- Install configuration: ""
-- Up-to-date: /home/mizu/workspace/homework_ws/recruit/src/install/decider/lib/libdecider.so
-- Up-to-date: /home/mizu/workspace/homework_ws/recruit/src/install/decider/share/ament_index/resource_index/package_run_dependencies/decider
-- Up-to-date: /home/mizu/workspace/homework_ws/recruit/src/install/decider/share/ament_index/resource_index/parent_prefix_path/decider
-- Up-to-date: /home/mizu/workspace/homework_ws/recruit/src/install/decider/share/decider/environment/ament_prefix_path.sh
-- Up-to-date: /home/mizu/workspace/homework_ws/recruit/src/install/decider/share/decider/environment/ament_prefix_path.dsv
-- Up-to-date: /home/mizu/workspace/homework_ws/recruit/src/install/decider/share/decider/environment/path.sh
-- Up-to-date: /home/mizu/workspace/homework_ws/recruit/src/install/decider/share/decider/environment/path.dsv
-- Up-to-date: /home/mizu/workspace/homework_ws/recruit/src/install/decider/share/decider/local_setup.bash
-- Up-to-date: /home/mizu/workspace/homework_ws/recruit/src/install/decider/share/decider/local_setup.sh
-- Up-to-date: /home/mizu/workspace/homework_ws/recruit/src/install/decider/share/decider/local_setup.zsh
-- Up-to-date: /home/mizu/workspace/homework_ws/recruit/src/install/decider/share/decider/local_setup.dsv
-- Installing: /home/mizu/workspace/homework_ws/recruit/src/install/decider/share/decider/package.dsv
-- Up-to-date: /home/mizu/workspace/homework_ws/recruit/src/install/decider/share/ament_index/resource_index/packages/decider
-- Up-to-date: /home/mizu/workspace/homework_ws/recruit/src/install/decider/share/ament_index/resource_index/rclcpp_components/decider
-- Up-to-date: /home/mizu/workspace/homework_ws/recruit/src/install/decider/share/decider/cmake/deciderConfig.cmake
-- Up-to-date: /home/mizu/workspace/homework_ws/recruit/src/install/decider/share/decider/cmake/deciderConfig-version.cmake
-- Up-to-date: /home/mizu/workspace/homework_ws/recruit/src/install/decider/share/decider/package.xml
