[0.013s] Invoking command in '/home/mizu/workspace/homework_ws/recruit/src/build/decider': CMAKE_PREFIX_PATH=${CMAKE_PREFIX_PATH}:/opt/ros/humble /usr/bin/cmake --build /home/mizu/workspace/homework_ws/recruit/src/build/decider -- -j32 -l32
[0.052s] [35m[1mConsolidate compiler generated dependencies of target decider[0m
[0.069s] [100%] Built target decider
[0.083s] Invoked command in '/home/mizu/workspace/homework_ws/recruit/src/build/decider' returned '0': CMAKE_PREFIX_PATH=${CMAKE_PREFIX_PATH}:/opt/ros/humble /usr/bin/cmake --build /home/mizu/workspace/homework_ws/recruit/src/build/decider -- -j32 -l32
[0.084s] Invoking command in '/home/mizu/workspace/homework_ws/recruit/src/build/decider': CMAKE_PREFIX_PATH=${CMAKE_PREFIX_PATH}:/opt/ros/humble /usr/bin/cmake --install /home/mizu/workspace/homework_ws/recruit/src/build/decider
[0.092s] -- Install configuration: ""
[0.092s] -- Up-to-date: /home/mizu/workspace/homework_ws/recruit/src/install/decider/lib/libdecider.so
[0.093s] -- Up-to-date: /home/mizu/workspace/homework_ws/recruit/src/install/decider/share/ament_index/resource_index/package_run_dependencies/decider
[0.093s] -- Up-to-date: /home/mizu/workspace/homework_ws/recruit/src/install/decider/share/ament_index/resource_index/parent_prefix_path/decider
[0.093s] -- Up-to-date: /home/mizu/workspace/homework_ws/recruit/src/install/decider/share/decider/environment/ament_prefix_path.sh
[0.093s] -- Up-to-date: /home/mizu/workspace/homework_ws/recruit/src/install/decider/share/decider/environment/ament_prefix_path.dsv
[0.093s] -- Up-to-date: /home/mizu/workspace/homework_ws/recruit/src/install/decider/share/decider/environment/path.sh
[0.093s] -- Up-to-date: /home/mizu/workspace/homework_ws/recruit/src/install/decider/share/decider/environment/path.dsv
[0.093s] -- Up-to-date: /home/mizu/workspace/homework_ws/recruit/src/install/decider/share/decider/local_setup.bash
[0.093s] -- Up-to-date: /home/mizu/workspace/homework_ws/recruit/src/install/decider/share/decider/local_setup.sh
[0.093s] -- Up-to-date: /home/mizu/workspace/homework_ws/recruit/src/install/decider/share/decider/local_setup.zsh
[0.093s] -- Up-to-date: /home/mizu/workspace/homework_ws/recruit/src/install/decider/share/decider/local_setup.dsv
[0.093s] -- Installing: /home/mizu/workspace/homework_ws/recruit/src/install/decider/share/decider/package.dsv
[0.094s] -- Up-to-date: /home/mizu/workspace/homework_ws/recruit/src/install/decider/share/ament_index/resource_index/packages/decider
[0.094s] -- Up-to-date: /home/mizu/workspace/homework_ws/recruit/src/install/decider/share/ament_index/resource_index/rclcpp_components/decider
[0.094s] -- Up-to-date: /home/mizu/workspace/homework_ws/recruit/src/install/decider/share/decider/cmake/deciderConfig.cmake
[0.094s] -- Up-to-date: /home/mizu/workspace/homework_ws/recruit/src/install/decider/share/decider/cmake/deciderConfig-version.cmake
[0.094s] -- Up-to-date: /home/mizu/workspace/homework_ws/recruit/src/install/decider/share/decider/package.xml
[0.112s] Invoked command in '/home/mizu/workspace/homework_ws/recruit/src/build/decider' returned '0': CMAKE_PREFIX_PATH=${CMAKE_PREFIX_PATH}:/opt/ros/humble /usr/bin/cmake --install /home/mizu/workspace/homework_ws/recruit/src/build/decider
