[0.013s] Invoking command in '/home/mizu/workspace/homework_ws/recruit/src/build/predictor': CMAKE_PREFIX_PATH=/opt/ros/humble /usr/bin/cmake /home/mizu/workspace/homework_ws/recruit/src/predictor -DCMAKE_INSTALL_PREFIX=/home/mizu/workspace/homework_ws/recruit/src/install/predictor
[0.062s] -- The C compiler identification is GNU 11.4.0
[0.106s] -- The CXX compiler identification is GNU 11.4.0
[0.113s] -- Detecting C compiler ABI info
[0.177s] -- Detecting C compiler ABI info - done
[0.185s] -- Check for working C compiler: /usr/bin/cc - skipped
[0.185s] -- Detecting C compile features
[0.186s] -- Detecting C compile features - done
[0.187s] -- Detecting CXX compiler ABI info
[0.262s] -- Detecting CXX compiler ABI info - done
[0.268s] -- Check for working CXX compiler: /usr/bin/c++ - skipped
[0.268s] -- Detecting CXX compile features
[0.269s] -- Detecting CXX compile features - done
[0.270s] -- Found ament_cmake: 1.3.12 (/opt/ros/humble/share/ament_cmake/cmake)
[0.392s] -- Found Python3: /usr/bin/python3 (found version "3.10.12") found components: Interpreter 
[0.453s] -- Found rclcpp_components: 16.0.17 (/opt/ros/humble/share/rclcpp_components/cmake)
[0.484s] -- Found rosidl_generator_c: 3.1.8 (/opt/ros/humble/share/rosidl_generator_c/cmake)
[0.487s] -- Found rosidl_adapter: 3.1.8 (/opt/ros/humble/share/rosidl_adapter/cmake)
[0.492s] -- Found rosidl_generator_cpp: 3.1.8 (/opt/ros/humble/share/rosidl_generator_cpp/cmake)
[0.499s] -- Using all available rosidl_typesupport_c: rosidl_typesupport_fastrtps_c;rosidl_typesupport_introspection_c
[0.507s] -- Using all available rosidl_typesupport_cpp: rosidl_typesupport_fastrtps_cpp;rosidl_typesupport_introspection_cpp
[0.547s] -- Found rmw_implementation_cmake: 6.1.2 (/opt/ros/humble/share/rmw_implementation_cmake/cmake)
[0.548s] -- Found rmw_fastrtps_cpp: 6.2.9 (/opt/ros/humble/share/rmw_fastrtps_cpp/cmake)
[0.620s] -- Found OpenSSL: /usr/lib/x86_64-linux-gnu/libcrypto.so (found version "3.0.2")  
[0.647s] -- Found FastRTPS: /opt/ros/humble/include  
[0.674s] -- Using RMW implementation 'rmw_fastrtps_cpp' as default
[0.679s] -- Looking for pthread.h
[0.737s] -- Looking for pthread.h - found
[0.738s] -- Performing Test CMAKE_HAVE_LIBC_PTHREAD
[0.801s] -- Performing Test CMAKE_HAVE_LIBC_PTHREAD - Success
[0.802s] -- Found Threads: TRUE  
[0.839s] -- Found OpenCV: /usr/local (found version "4.12.0") 
[0.840s] -- Found geometry_msgs: 4.9.0 (/opt/ros/humble/share/geometry_msgs/cmake)
[0.848s] -- Found ament_lint_auto: 0.12.14 (/opt/ros/humble/share/ament_lint_auto/cmake)
[0.897s] -- Added test 'cppcheck' to perform static code analysis on C / C++ code
[0.897s] -- Configured cppcheck include dirs: 
[0.898s] -- Configured cppcheck exclude dirs and/or files: 
[0.898s] -- Added test 'lint_cmake' to check CMake code style
[0.899s] -- Added test 'uncrustify' to check C / C++ code style
[0.899s] -- Configured uncrustify additional arguments: 
[0.899s] -- Added test 'xmllint' to check XML markup files
[0.899s] -- Configuring done
[0.906s] -- Generating done
[0.908s] -- Build files have been written to: /home/mizu/workspace/homework_ws/recruit/src/build/predictor
[0.914s] Invoked command in '/home/mizu/workspace/homework_ws/recruit/src/build/predictor' returned '0': CMAKE_PREFIX_PATH=/opt/ros/humble /usr/bin/cmake /home/mizu/workspace/homework_ws/recruit/src/predictor -DCMAKE_INSTALL_PREFIX=/home/mizu/workspace/homework_ws/recruit/src/install/predictor
[0.916s] Invoking command in '/home/mizu/workspace/homework_ws/recruit/src/build/predictor': CMAKE_PREFIX_PATH=/opt/ros/humble /usr/bin/cmake --build /home/mizu/workspace/homework_ws/recruit/src/build/predictor -- -j32 -l32
[0.958s] [ 50%] [32mBuilding CXX object CMakeFiles/predictor.dir/src/Predictor.cpp.o[0m
[6.861s] [100%] [32m[1mLinking CXX shared library libpredictor.so[0m
[7.126s] [100%] Built target predictor
[7.135s] Invoked command in '/home/mizu/workspace/homework_ws/recruit/src/build/predictor' returned '0': CMAKE_PREFIX_PATH=/opt/ros/humble /usr/bin/cmake --build /home/mizu/workspace/homework_ws/recruit/src/build/predictor -- -j32 -l32
[7.137s] Invoking command in '/home/mizu/workspace/homework_ws/recruit/src/build/predictor': CMAKE_PREFIX_PATH=/opt/ros/humble /usr/bin/cmake --install /home/mizu/workspace/homework_ws/recruit/src/build/predictor
[7.143s] -- Install configuration: ""
[7.143s] -- Installing: /home/mizu/workspace/homework_ws/recruit/src/install/predictor/lib/libpredictor.so
[7.146s] -- Set runtime path of "/home/mizu/workspace/homework_ws/recruit/src/install/predictor/lib/libpredictor.so" to ""
[7.146s] -- Installing: /home/mizu/workspace/homework_ws/recruit/src/install/predictor/share/ament_index/resource_index/package_run_dependencies/predictor
[7.146s] -- Installing: /home/mizu/workspace/homework_ws/recruit/src/install/predictor/share/ament_index/resource_index/parent_prefix_path/predictor
[7.146s] -- Installing: /home/mizu/workspace/homework_ws/recruit/src/install/predictor/share/predictor/environment/ament_prefix_path.sh
[7.146s] -- Installing: /home/mizu/workspace/homework_ws/recruit/src/install/predictor/share/predictor/environment/ament_prefix_path.dsv
[7.146s] -- Installing: /home/mizu/workspace/homework_ws/recruit/src/install/predictor/share/predictor/environment/path.sh
[7.146s] -- Installing: /home/mizu/workspace/homework_ws/recruit/src/install/predictor/share/predictor/environment/path.dsv
[7.147s] -- Installing: /home/mizu/workspace/homework_ws/recruit/src/install/predictor/share/predictor/local_setup.bash
[7.147s] -- Installing: /home/mizu/workspace/homework_ws/recruit/src/install/predictor/share/predictor/local_setup.sh
[7.147s] -- Installing: /home/mizu/workspace/homework_ws/recruit/src/install/predictor/share/predictor/local_setup.zsh
[7.147s] -- Installing: /home/mizu/workspace/homework_ws/recruit/src/install/predictor/share/predictor/local_setup.dsv
[7.147s] -- Installing: /home/mizu/workspace/homework_ws/recruit/src/install/predictor/share/predictor/package.dsv
[7.147s] -- Installing: /home/mizu/workspace/homework_ws/recruit/src/install/predictor/share/ament_index/resource_index/packages/predictor
[7.147s] -- Installing: /home/mizu/workspace/homework_ws/recruit/src/install/predictor/share/ament_index/resource_index/rclcpp_components/predictor
[7.147s] -- Installing: /home/mizu/workspace/homework_ws/recruit/src/install/predictor/share/predictor/cmake/predictorConfig.cmake
[7.147s] -- Installing: /home/mizu/workspace/homework_ws/recruit/src/install/predictor/share/predictor/cmake/predictorConfig-version.cmake
[7.147s] -- Installing: /home/mizu/workspace/homework_ws/recruit/src/install/predictor/share/predictor/package.xml
[7.149s] Invoked command in '/home/mizu/workspace/homework_ws/recruit/src/build/predictor' returned '0': CMAKE_PREFIX_PATH=/opt/ros/humble /usr/bin/cmake --install /home/mizu/workspace/homework_ws/recruit/src/build/predictor
