[0.067s] [34mcolcon[0m [1;30mDEBUG[0m [32mCommand line arguments: ['/usr/bin/colcon', 'build'][0m
[0.067s] [34mcolcon[0m [1;30mDEBUG[0m [32mParsed command line arguments: Namespace(log_base=None, log_level=None, verb_name='build', build_base='build', install_base='install', merge_install=False, symlink_install=False, test_result_base=None, continue_on_error=False, executor='parallel', parallel_workers=32, event_handlers=None, ignore_user_meta=False, metas=['./colcon.meta'], base_paths=['.'], packages_ignore=None, packages_ignore_regex=None, paths=None, packages_up_to=None, packages_up_to_regex=None, packages_above=None, packages_above_and_dependencies=None, packages_above_depth=None, packages_select_by_dep=None, packages_skip_by_dep=None, packages_skip_up_to=None, packages_select_build_failed=False, packages_skip_build_finished=False, packages_select_test_failures=False, packages_skip_test_passed=False, packages_select=None, packages_skip=None, packages_select_regex=None, packages_skip_regex=None, packages_start=None, packages_end=None, allow_overriding=[], cmake_args=None, cmake_target=None, cmake_target_skip_unavailable=False, cmake_clean_cache=False, cmake_clean_first=False, cmake_force_configure=False, ament_cmake_args=None, catkin_cmake_args=None, catkin_skip_building_tests=False, verb_parser=<colcon_defaults.argument_parser.defaults.DefaultArgumentsDecorator object at 0x7101c4ffa380>, verb_extension=<colcon_core.verb.build.BuildVerb object at 0x7101c4ff9ea0>, main=<bound method BuildVerb.main of <colcon_core.verb.build.BuildVerb object at 0x7101c4ff9ea0>>)[0m
[0.159s] [34mcolcon.colcon_core.package_discovery[0m [1;30mLevel 1[0m discover_packages(colcon_meta) check parameters
[0.159s] [34mcolcon.colcon_core.package_discovery[0m [1;30mLevel 1[0m discover_packages(recursive) check parameters
[0.160s] [34mcolcon.colcon_core.package_discovery[0m [1;30mLevel 1[0m discover_packages(ignore) check parameters
[0.160s] [34mcolcon.colcon_core.package_discovery[0m [1;30mLevel 1[0m discover_packages(path) check parameters
[0.160s] [34mcolcon.colcon_core.package_discovery[0m [1;30mLevel 1[0m discover_packages(colcon_meta) discover
[0.160s] [34mcolcon.colcon_core.package_discovery[0m [1;30mLevel 1[0m discover_packages(recursive) discover
[0.160s] [34mcolcon.colcon_core.package_discovery[0m [1;30mINFO[0m Crawling recursively for packages in '/home/mizu/workspace/homework_ws/recruit/src'
[0.160s] [34mcolcon.colcon_core.package_identification[0m [1;30mLevel 1[0m _identify(.) by extensions ['ignore', 'ignore_ament_install']
[0.160s] [34mcolcon.colcon_core.package_identification[0m [1;30mLevel 1[0m _identify(.) by extension 'ignore'
[0.160s] [34mcolcon.colcon_core.package_identification[0m [1;30mLevel 1[0m _identify(.) by extension 'ignore_ament_install'
[0.160s] [34mcolcon.colcon_core.package_identification[0m [1;30mLevel 1[0m _identify(.) by extensions ['colcon_pkg']
[0.160s] [34mcolcon.colcon_core.package_identification[0m [1;30mLevel 1[0m _identify(.) by extension 'colcon_pkg'
[0.160s] [34mcolcon.colcon_core.package_identification[0m [1;30mLevel 1[0m _identify(.) by extensions ['colcon_meta']
[0.160s] [34mcolcon.colcon_core.package_identification[0m [1;30mLevel 1[0m _identify(.) by extension 'colcon_meta'
[0.160s] [34mcolcon.colcon_core.package_identification[0m [1;30mLevel 1[0m _identify(.) by extensions ['ros']
[0.160s] [34mcolcon.colcon_core.package_identification[0m [1;30mLevel 1[0m _identify(.) by extension 'ros'
[0.167s] [34mcolcon.colcon_core.package_identification[0m [1;30mLevel 1[0m _identify(.) by extensions ['cmake', 'python']
[0.167s] [34mcolcon.colcon_core.package_identification[0m [1;30mLevel 1[0m _identify(.) by extension 'cmake'
[0.167s] [34mcolcon.colcon_core.package_identification[0m [1;30mLevel 1[0m _identify(.) by extension 'python'
[0.167s] [34mcolcon.colcon_core.package_identification[0m [1;30mLevel 1[0m _identify(.) by extensions ['python_setup_py']
[0.167s] [34mcolcon.colcon_core.package_identification[0m [1;30mLevel 1[0m _identify(.) by extension 'python_setup_py'
[0.167s] [34mcolcon.colcon_core.package_identification[0m [1;30mLevel 1[0m _identify(build) by extensions ['ignore', 'ignore_ament_install']
[0.167s] [34mcolcon.colcon_core.package_identification[0m [1;30mLevel 1[0m _identify(build) by extension 'ignore'
[0.167s] [34mcolcon.colcon_core.package_identification[0m [1;30mLevel 1[0m _identify(build) ignored
[0.167s] [34mcolcon.colcon_core.package_identification[0m [1;30mLevel 1[0m _identify(decider) by extensions ['ignore', 'ignore_ament_install']
[0.167s] [34mcolcon.colcon_core.package_identification[0m [1;30mLevel 1[0m _identify(decider) by extension 'ignore'
[0.167s] [34mcolcon.colcon_core.package_identification[0m [1;30mLevel 1[0m _identify(decider) by extension 'ignore_ament_install'
[0.167s] [34mcolcon.colcon_core.package_identification[0m [1;30mLevel 1[0m _identify(decider) by extensions ['colcon_pkg']
[0.167s] [34mcolcon.colcon_core.package_identification[0m [1;30mLevel 1[0m _identify(decider) by extension 'colcon_pkg'
[0.167s] [34mcolcon.colcon_core.package_identification[0m [1;30mLevel 1[0m _identify(decider) by extensions ['colcon_meta']
[0.167s] [34mcolcon.colcon_core.package_identification[0m [1;30mLevel 1[0m _identify(decider) by extension 'colcon_meta'
[0.167s] [34mcolcon.colcon_core.package_identification[0m [1;30mLevel 1[0m _identify(decider) by extensions ['ros']
[0.168s] [34mcolcon.colcon_core.package_identification[0m [1;30mLevel 1[0m _identify(decider) by extension 'ros'
[0.169s] [34mcolcon.colcon_core.package_identification[0m [1;30mDEBUG[0m [32mPackage 'decider' with type 'ros.ament_cmake' and name 'decider'[0m
[0.169s] [34mcolcon.colcon_core.package_identification[0m [1;30mLevel 1[0m _identify(homework_bringup) by extensions ['ignore', 'ignore_ament_install']
[0.169s] [34mcolcon.colcon_core.package_identification[0m [1;30mLevel 1[0m _identify(homework_bringup) by extension 'ignore'
[0.169s] [34mcolcon.colcon_core.package_identification[0m [1;30mLevel 1[0m _identify(homework_bringup) by extension 'ignore_ament_install'
[0.169s] [34mcolcon.colcon_core.package_identification[0m [1;30mLevel 1[0m _identify(homework_bringup) by extensions ['colcon_pkg']
[0.169s] [34mcolcon.colcon_core.package_identification[0m [1;30mLevel 1[0m _identify(homework_bringup) by extension 'colcon_pkg'
[0.169s] [34mcolcon.colcon_core.package_identification[0m [1;30mLevel 1[0m _identify(homework_bringup) by extensions ['colcon_meta']
[0.169s] [34mcolcon.colcon_core.package_identification[0m [1;30mLevel 1[0m _identify(homework_bringup) by extension 'colcon_meta'
[0.170s] [34mcolcon.colcon_core.package_identification[0m [1;30mLevel 1[0m _identify(homework_bringup) by extensions ['ros']
[0.170s] [34mcolcon.colcon_core.package_identification[0m [1;30mLevel 1[0m _identify(homework_bringup) by extension 'ros'
[0.170s] [34mcolcon.colcon_core.package_identification[0m [1;30mDEBUG[0m [32mPackage 'homework_bringup' with type 'ros.ament_cmake' and name 'homework_bringup'[0m
[0.170s] [34mcolcon.colcon_core.package_identification[0m [1;30mLevel 1[0m _identify(img_process) by extensions ['ignore', 'ignore_ament_install']
[0.170s] [34mcolcon.colcon_core.package_identification[0m [1;30mLevel 1[0m _identify(img_process) by extension 'ignore'
[0.170s] [34mcolcon.colcon_core.package_identification[0m [1;30mLevel 1[0m _identify(img_process) by extension 'ignore_ament_install'
[0.170s] [34mcolcon.colcon_core.package_identification[0m [1;30mLevel 1[0m _identify(img_process) by extensions ['colcon_pkg']
[0.170s] [34mcolcon.colcon_core.package_identification[0m [1;30mLevel 1[0m _identify(img_process) by extension 'colcon_pkg'
[0.170s] [34mcolcon.colcon_core.package_identification[0m [1;30mLevel 1[0m _identify(img_process) by extensions ['colcon_meta']
[0.170s] [34mcolcon.colcon_core.package_identification[0m [1;30mLevel 1[0m _identify(img_process) by extension 'colcon_meta'
[0.170s] [34mcolcon.colcon_core.package_identification[0m [1;30mLevel 1[0m _identify(img_process) by extensions ['ros']
[0.170s] [34mcolcon.colcon_core.package_identification[0m [1;30mLevel 1[0m _identify(img_process) by extension 'ros'
[0.171s] [34mcolcon.colcon_core.package_identification[0m [1;30mDEBUG[0m [32mPackage 'img_process' with type 'ros.ament_cmake' and name 'img_process'[0m
[0.171s] [34mcolcon.colcon_core.package_identification[0m [1;30mLevel 1[0m _identify(install) by extensions ['ignore', 'ignore_ament_install']
[0.171s] [34mcolcon.colcon_core.package_identification[0m [1;30mLevel 1[0m _identify(install) by extension 'ignore'
[0.171s] [34mcolcon.colcon_core.package_identification[0m [1;30mLevel 1[0m _identify(install) ignored
[0.171s] [34mcolcon.colcon_core.package_identification[0m [1;30mLevel 1[0m _identify(log) by extensions ['ignore', 'ignore_ament_install']
[0.171s] [34mcolcon.colcon_core.package_identification[0m [1;30mLevel 1[0m _identify(log) by extension 'ignore'
[0.171s] [34mcolcon.colcon_core.package_identification[0m [1;30mLevel 1[0m _identify(log) ignored
[0.171s] [34mcolcon.colcon_core.package_identification[0m [1;30mLevel 1[0m _identify(predictor) by extensions ['ignore', 'ignore_ament_install']
[0.171s] [34mcolcon.colcon_core.package_identification[0m [1;30mLevel 1[0m _identify(predictor) by extension 'ignore'
[0.171s] [34mcolcon.colcon_core.package_identification[0m [1;30mLevel 1[0m _identify(predictor) by extension 'ignore_ament_install'
[0.171s] [34mcolcon.colcon_core.package_identification[0m [1;30mLevel 1[0m _identify(predictor) by extensions ['colcon_pkg']
[0.171s] [34mcolcon.colcon_core.package_identification[0m [1;30mLevel 1[0m _identify(predictor) by extension 'colcon_pkg'
[0.171s] [34mcolcon.colcon_core.package_identification[0m [1;30mLevel 1[0m _identify(predictor) by extensions ['colcon_meta']
[0.171s] [34mcolcon.colcon_core.package_identification[0m [1;30mLevel 1[0m _identify(predictor) by extension 'colcon_meta'
[0.171s] [34mcolcon.colcon_core.package_identification[0m [1;30mLevel 1[0m _identify(predictor) by extensions ['ros']
[0.171s] [34mcolcon.colcon_core.package_identification[0m [1;30mLevel 1[0m _identify(predictor) by extension 'ros'
[0.172s] [34mcolcon.colcon_core.package_identification[0m [1;30mDEBUG[0m [32mPackage 'predictor' with type 'ros.ament_cmake' and name 'predictor'[0m
[0.172s] [34mcolcon.colcon_core.package_discovery[0m [1;30mLevel 1[0m discover_packages(recursive) using defaults
[0.172s] [34mcolcon.colcon_core.package_discovery[0m [1;30mLevel 1[0m discover_packages(ignore) discover
[0.172s] [34mcolcon.colcon_core.package_discovery[0m [1;30mLevel 1[0m discover_packages(ignore) using defaults
[0.172s] [34mcolcon.colcon_core.package_discovery[0m [1;30mLevel 1[0m discover_packages(path) discover
[0.172s] [34mcolcon.colcon_core.package_discovery[0m [1;30mLevel 1[0m discover_packages(path) using defaults
[0.188s] [34mcolcon.colcon_core.package_discovery[0m [1;30mLevel 1[0m discover_packages(prefix_path) check parameters
[0.188s] [34mcolcon.colcon_core.package_discovery[0m [1;30mLevel 1[0m discover_packages(prefix_path) discover
[0.189s] [34mcolcon.colcon_installed_package_information.package_discovery[0m [1;30mDEBUG[0m [32mFound 4 installed packages in /home/mizu/workspace/homework_ws/recruit/src/install[0m
[0.189s] [34mcolcon.colcon_installed_package_information.package_discovery[0m [1;30mDEBUG[0m [32mFound 272 installed packages in /opt/ros/humble[0m
[0.190s] [34mcolcon.colcon_core.package_discovery[0m [1;30mLevel 1[0m discover_packages(prefix_path) using defaults
[0.210s] [34mcolcon.colcon_core.verb[0m [1;30mLevel 5[0m set package 'decider' build argument 'cmake_args' from command line to 'None'
[0.210s] [34mcolcon.colcon_core.verb[0m [1;30mLevel 5[0m set package 'decider' build argument 'cmake_target' from command line to 'None'
[0.210s] [34mcolcon.colcon_core.verb[0m [1;30mLevel 5[0m set package 'decider' build argument 'cmake_target_skip_unavailable' from command line to 'False'
[0.210s] [34mcolcon.colcon_core.verb[0m [1;30mLevel 5[0m set package 'decider' build argument 'cmake_clean_cache' from command line to 'False'
[0.210s] [34mcolcon.colcon_core.verb[0m [1;30mLevel 5[0m set package 'decider' build argument 'cmake_clean_first' from command line to 'False'
[0.210s] [34mcolcon.colcon_core.verb[0m [1;30mLevel 5[0m set package 'decider' build argument 'cmake_force_configure' from command line to 'False'
[0.210s] [34mcolcon.colcon_core.verb[0m [1;30mLevel 5[0m set package 'decider' build argument 'ament_cmake_args' from command line to 'None'
[0.210s] [34mcolcon.colcon_core.verb[0m [1;30mLevel 5[0m set package 'decider' build argument 'catkin_cmake_args' from command line to 'None'
[0.210s] [34mcolcon.colcon_core.verb[0m [1;30mLevel 5[0m set package 'decider' build argument 'catkin_skip_building_tests' from command line to 'False'
[0.210s] [34mcolcon.colcon_core.verb[0m [1;30mDEBUG[0m [32mBuilding package 'decider' with the following arguments: {'ament_cmake_args': None, 'build_base': '/home/mizu/workspace/homework_ws/recruit/src/build/decider', 'catkin_cmake_args': None, 'catkin_skip_building_tests': False, 'cmake_args': None, 'cmake_clean_cache': False, 'cmake_clean_first': False, 'cmake_force_configure': False, 'cmake_target': None, 'cmake_target_skip_unavailable': False, 'install_base': '/home/mizu/workspace/homework_ws/recruit/src/install/decider', 'merge_install': False, 'path': '/home/mizu/workspace/homework_ws/recruit/src/decider', 'symlink_install': False, 'test_result_base': None}[0m
[0.210s] [34mcolcon.colcon_core.verb[0m [1;30mLevel 5[0m set package 'homework_bringup' build argument 'cmake_args' from command line to 'None'
[0.210s] [34mcolcon.colcon_core.verb[0m [1;30mLevel 5[0m set package 'homework_bringup' build argument 'cmake_target' from command line to 'None'
[0.210s] [34mcolcon.colcon_core.verb[0m [1;30mLevel 5[0m set package 'homework_bringup' build argument 'cmake_target_skip_unavailable' from command line to 'False'
[0.210s] [34mcolcon.colcon_core.verb[0m [1;30mLevel 5[0m set package 'homework_bringup' build argument 'cmake_clean_cache' from command line to 'False'
[0.211s] [34mcolcon.colcon_core.verb[0m [1;30mLevel 5[0m set package 'homework_bringup' build argument 'cmake_clean_first' from command line to 'False'
[0.211s] [34mcolcon.colcon_core.verb[0m [1;30mLevel 5[0m set package 'homework_bringup' build argument 'cmake_force_configure' from command line to 'False'
[0.211s] [34mcolcon.colcon_core.verb[0m [1;30mLevel 5[0m set package 'homework_bringup' build argument 'ament_cmake_args' from command line to 'None'
[0.211s] [34mcolcon.colcon_core.verb[0m [1;30mLevel 5[0m set package 'homework_bringup' build argument 'catkin_cmake_args' from command line to 'None'
[0.211s] [34mcolcon.colcon_core.verb[0m [1;30mLevel 5[0m set package 'homework_bringup' build argument 'catkin_skip_building_tests' from command line to 'False'
[0.211s] [34mcolcon.colcon_core.verb[0m [1;30mDEBUG[0m [32mBuilding package 'homework_bringup' with the following arguments: {'ament_cmake_args': None, 'build_base': '/home/mizu/workspace/homework_ws/recruit/src/build/homework_bringup', 'catkin_cmake_args': None, 'catkin_skip_building_tests': False, 'cmake_args': None, 'cmake_clean_cache': False, 'cmake_clean_first': False, 'cmake_force_configure': False, 'cmake_target': None, 'cmake_target_skip_unavailable': False, 'install_base': '/home/mizu/workspace/homework_ws/recruit/src/install/homework_bringup', 'merge_install': False, 'path': '/home/mizu/workspace/homework_ws/recruit/src/homework_bringup', 'symlink_install': False, 'test_result_base': None}[0m
[0.211s] [34mcolcon.colcon_core.verb[0m [1;30mLevel 5[0m set package 'img_process' build argument 'cmake_args' from command line to 'None'
[0.211s] [34mcolcon.colcon_core.verb[0m [1;30mLevel 5[0m set package 'img_process' build argument 'cmake_target' from command line to 'None'
[0.211s] [34mcolcon.colcon_core.verb[0m [1;30mLevel 5[0m set package 'img_process' build argument 'cmake_target_skip_unavailable' from command line to 'False'
[0.211s] [34mcolcon.colcon_core.verb[0m [1;30mLevel 5[0m set package 'img_process' build argument 'cmake_clean_cache' from command line to 'False'
[0.211s] [34mcolcon.colcon_core.verb[0m [1;30mLevel 5[0m set package 'img_process' build argument 'cmake_clean_first' from command line to 'False'
[0.211s] [34mcolcon.colcon_core.verb[0m [1;30mLevel 5[0m set package 'img_process' build argument 'cmake_force_configure' from command line to 'False'
[0.211s] [34mcolcon.colcon_core.verb[0m [1;30mLevel 5[0m set package 'img_process' build argument 'ament_cmake_args' from command line to 'None'
[0.211s] [34mcolcon.colcon_core.verb[0m [1;30mLevel 5[0m set package 'img_process' build argument 'catkin_cmake_args' from command line to 'None'
[0.211s] [34mcolcon.colcon_core.verb[0m [1;30mLevel 5[0m set package 'img_process' build argument 'catkin_skip_building_tests' from command line to 'False'
[0.211s] [34mcolcon.colcon_core.verb[0m [1;30mDEBUG[0m [32mBuilding package 'img_process' with the following arguments: {'ament_cmake_args': None, 'build_base': '/home/mizu/workspace/homework_ws/recruit/src/build/img_process', 'catkin_cmake_args': None, 'catkin_skip_building_tests': False, 'cmake_args': None, 'cmake_clean_cache': False, 'cmake_clean_first': False, 'cmake_force_configure': False, 'cmake_target': None, 'cmake_target_skip_unavailable': False, 'install_base': '/home/mizu/workspace/homework_ws/recruit/src/install/img_process', 'merge_install': False, 'path': '/home/mizu/workspace/homework_ws/recruit/src/img_process', 'symlink_install': False, 'test_result_base': None}[0m
[0.211s] [34mcolcon.colcon_core.verb[0m [1;30mLevel 5[0m set package 'predictor' build argument 'cmake_args' from command line to 'None'
[0.211s] [34mcolcon.colcon_core.verb[0m [1;30mLevel 5[0m set package 'predictor' build argument 'cmake_target' from command line to 'None'
[0.211s] [34mcolcon.colcon_core.verb[0m [1;30mLevel 5[0m set package 'predictor' build argument 'cmake_target_skip_unavailable' from command line to 'False'
[0.211s] [34mcolcon.colcon_core.verb[0m [1;30mLevel 5[0m set package 'predictor' build argument 'cmake_clean_cache' from command line to 'False'
[0.211s] [34mcolcon.colcon_core.verb[0m [1;30mLevel 5[0m set package 'predictor' build argument 'cmake_clean_first' from command line to 'False'
[0.211s] [34mcolcon.colcon_core.verb[0m [1;30mLevel 5[0m set package 'predictor' build argument 'cmake_force_configure' from command line to 'False'
[0.211s] [34mcolcon.colcon_core.verb[0m [1;30mLevel 5[0m set package 'predictor' build argument 'ament_cmake_args' from command line to 'None'
[0.211s] [34mcolcon.colcon_core.verb[0m [1;30mLevel 5[0m set package 'predictor' build argument 'catkin_cmake_args' from command line to 'None'
[0.211s] [34mcolcon.colcon_core.verb[0m [1;30mLevel 5[0m set package 'predictor' build argument 'catkin_skip_building_tests' from command line to 'False'
[0.211s] [34mcolcon.colcon_core.verb[0m [1;30mDEBUG[0m [32mBuilding package 'predictor' with the following arguments: {'ament_cmake_args': None, 'build_base': '/home/mizu/workspace/homework_ws/recruit/src/build/predictor', 'catkin_cmake_args': None, 'catkin_skip_building_tests': False, 'cmake_args': None, 'cmake_clean_cache': False, 'cmake_clean_first': False, 'cmake_force_configure': False, 'cmake_target': None, 'cmake_target_skip_unavailable': False, 'install_base': '/home/mizu/workspace/homework_ws/recruit/src/install/predictor', 'merge_install': False, 'path': '/home/mizu/workspace/homework_ws/recruit/src/predictor', 'symlink_install': False, 'test_result_base': None}[0m
[0.211s] [34mcolcon.colcon_core.executor[0m [1;30mINFO[0m Executing jobs using 'parallel' executor
[0.212s] [34mcolcon.colcon_parallel_executor.executor.parallel[0m [1;30mDEBUG[0m [32mrun_until_complete[0m
[0.212s] [34mcolcon.colcon_ros.task.ament_cmake.build[0m [1;30mINFO[0m Building ROS package in '/home/mizu/workspace/homework_ws/recruit/src/decider' with build type 'ament_cmake'
[0.213s] [34mcolcon.colcon_cmake.task.cmake.build[0m [1;30mINFO[0m Building CMake package in '/home/mizu/workspace/homework_ws/recruit/src/decider'
[0.214s] [34mcolcon.colcon_core.plugin_system[0m [1;30mINFO[0m Skipping extension 'colcon_core.shell.bat': Not used on non-Windows systems
[0.214s] [34mcolcon.colcon_core.shell[0m [1;30mINFO[0m Skip shell extension 'powershell' for command environment: Not usable outside of PowerShell
[0.214s] [34mcolcon.colcon_core.shell[0m [1;30mDEBUG[0m [32mSkip shell extension 'dsv' for command environment[0m
[0.216s] [34mcolcon.colcon_ros.task.ament_cmake.build[0m [1;30mINFO[0m Building ROS package in '/home/mizu/workspace/homework_ws/recruit/src/homework_bringup' with build type 'ament_cmake'
[0.216s] [34mcolcon.colcon_cmake.task.cmake.build[0m [1;30mINFO[0m Building CMake package in '/home/mizu/workspace/homework_ws/recruit/src/homework_bringup'
[0.216s] [34mcolcon.colcon_core.shell[0m [1;30mINFO[0m Skip shell extension 'powershell' for command environment: Not usable outside of PowerShell
[0.216s] [34mcolcon.colcon_core.shell[0m [1;30mDEBUG[0m [32mSkip shell extension 'dsv' for command environment[0m
[0.218s] [34mcolcon.colcon_ros.task.ament_cmake.build[0m [1;30mINFO[0m Building ROS package in '/home/mizu/workspace/homework_ws/recruit/src/img_process' with build type 'ament_cmake'
[0.218s] [34mcolcon.colcon_cmake.task.cmake.build[0m [1;30mINFO[0m Building CMake package in '/home/mizu/workspace/homework_ws/recruit/src/img_process'
[0.219s] [34mcolcon.colcon_core.shell[0m [1;30mINFO[0m Skip shell extension 'powershell' for command environment: Not usable outside of PowerShell
[0.219s] [34mcolcon.colcon_core.shell[0m [1;30mDEBUG[0m [32mSkip shell extension 'dsv' for command environment[0m
[0.220s] [34mcolcon.colcon_ros.task.ament_cmake.build[0m [1;30mINFO[0m Building ROS package in '/home/mizu/workspace/homework_ws/recruit/src/predictor' with build type 'ament_cmake'
[0.221s] [34mcolcon.colcon_cmake.task.cmake.build[0m [1;30mINFO[0m Building CMake package in '/home/mizu/workspace/homework_ws/recruit/src/predictor'
[0.221s] [34mcolcon.colcon_core.shell[0m [1;30mINFO[0m Skip shell extension 'powershell' for command environment: Not usable outside of PowerShell
[0.221s] [34mcolcon.colcon_core.shell[0m [1;30mDEBUG[0m [32mSkip shell extension 'dsv' for command environment[0m
[0.226s] [34mcolcon.colcon_core.event_handler.log_command[0m [1;30mDEBUG[0m [32mInvoking command in '/home/mizu/workspace/homework_ws/recruit/src/build/decider': CMAKE_PREFIX_PATH=${CMAKE_PREFIX_PATH}:/opt/ros/humble /usr/bin/cmake --build /home/mizu/workspace/homework_ws/recruit/src/build/decider -- -j32 -l32[0m
[0.227s] [34mcolcon.colcon_core.event_handler.log_command[0m [1;30mDEBUG[0m [32mInvoking command in '/home/mizu/workspace/homework_ws/recruit/src/build/homework_bringup': CMAKE_PREFIX_PATH=${CMAKE_PREFIX_PATH}:/opt/ros/humble /usr/bin/cmake --build /home/mizu/workspace/homework_ws/recruit/src/build/homework_bringup -- -j32 -l32[0m
[0.229s] [34mcolcon.colcon_core.event_handler.log_command[0m [1;30mDEBUG[0m [32mInvoking command in '/home/mizu/workspace/homework_ws/recruit/src/build/img_process': CMAKE_PREFIX_PATH=${CMAKE_PREFIX_PATH}:/opt/ros/humble /usr/bin/cmake --build /home/mizu/workspace/homework_ws/recruit/src/build/img_process -- -j32 -l32[0m
[0.233s] [34mcolcon.colcon_core.event_handler.log_command[0m [1;30mDEBUG[0m [32mInvoking command in '/home/mizu/workspace/homework_ws/recruit/src/build/predictor': CMAKE_PREFIX_PATH=${CMAKE_PREFIX_PATH}:/opt/ros/humble /usr/bin/cmake --build /home/mizu/workspace/homework_ws/recruit/src/build/predictor -- -j32 -l32[0m
[0.261s] [34mcolcon.colcon_core.event_handler.log_command[0m [1;30mDEBUG[0m [32mInvoked command in '/home/mizu/workspace/homework_ws/recruit/src/build/homework_bringup' returned '0': CMAKE_PREFIX_PATH=${CMAKE_PREFIX_PATH}:/opt/ros/humble /usr/bin/cmake --build /home/mizu/workspace/homework_ws/recruit/src/build/homework_bringup -- -j32 -l32[0m
[0.271s] [34mcolcon.colcon_core.event_handler.log_command[0m [1;30mDEBUG[0m [32mInvoking command in '/home/mizu/workspace/homework_ws/recruit/src/build/homework_bringup': CMAKE_PREFIX_PATH=${CMAKE_PREFIX_PATH}:/opt/ros/humble /usr/bin/cmake --install /home/mizu/workspace/homework_ws/recruit/src/build/homework_bringup[0m
[0.280s] [34mcolcon.colcon_core.environment[0m [1;30mLevel 1[0m create_environment_scripts_only(homework_bringup)
[0.281s] [34mcolcon.colcon_core.event_handler.log_command[0m [1;30mDEBUG[0m [32mInvoked command in '/home/mizu/workspace/homework_ws/recruit/src/build/homework_bringup' returned '0': CMAKE_PREFIX_PATH=${CMAKE_PREFIX_PATH}:/opt/ros/humble /usr/bin/cmake --install /home/mizu/workspace/homework_ws/recruit/src/build/homework_bringup[0m
[0.283s] [34mcolcon.colcon_core.environment[0m [1;30mLevel 1[0m checking '/home/mizu/workspace/homework_ws/recruit/src/install/homework_bringup' for CMake module files
[0.283s] [34mcolcon.colcon_core.environment[0m [1;30mLevel 1[0m checking '/home/mizu/workspace/homework_ws/recruit/src/install/homework_bringup' for CMake config files
[0.284s] [34mcolcon.colcon_core.shell[0m [1;30mLevel 1[0m create_environment_hook('homework_bringup', 'cmake_prefix_path')
[0.284s] [34mcolcon.colcon_core.shell[0m [1;30mINFO[0m Creating environment hook '/home/mizu/workspace/homework_ws/recruit/src/install/homework_bringup/share/homework_bringup/hook/cmake_prefix_path.ps1'
[0.284s] [34mcolcon.colcon_core.shell[0m [1;30mINFO[0m Creating environment descriptor '/home/mizu/workspace/homework_ws/recruit/src/install/homework_bringup/share/homework_bringup/hook/cmake_prefix_path.dsv'
[0.284s] [34mcolcon.colcon_core.shell[0m [1;30mINFO[0m Creating environment hook '/home/mizu/workspace/homework_ws/recruit/src/install/homework_bringup/share/homework_bringup/hook/cmake_prefix_path.sh'
[0.285s] [34mcolcon.colcon_core.environment[0m [1;30mLevel 1[0m checking '/home/mizu/workspace/homework_ws/recruit/src/install/homework_bringup/bin'
[0.285s] [34mcolcon.colcon_core.environment[0m [1;30mLevel 1[0m checking '/home/mizu/workspace/homework_ws/recruit/src/install/homework_bringup/lib/pkgconfig/homework_bringup.pc'
[0.285s] [34mcolcon.colcon_core.environment[0m [1;30mLevel 1[0m checking '/home/mizu/workspace/homework_ws/recruit/src/install/homework_bringup/lib/python3.10/site-packages'
[0.285s] [34mcolcon.colcon_core.environment[0m [1;30mLevel 1[0m checking '/home/mizu/workspace/homework_ws/recruit/src/install/homework_bringup/bin'
[0.286s] [34mcolcon.colcon_core.shell[0m [1;30mINFO[0m Creating package script '/home/mizu/workspace/homework_ws/recruit/src/install/homework_bringup/share/homework_bringup/package.ps1'
[0.286s] [34mcolcon.colcon_core.shell[0m [1;30mINFO[0m Creating package descriptor '/home/mizu/workspace/homework_ws/recruit/src/install/homework_bringup/share/homework_bringup/package.dsv'
[0.287s] [34mcolcon.colcon_core.shell[0m [1;30mINFO[0m Creating package script '/home/mizu/workspace/homework_ws/recruit/src/install/homework_bringup/share/homework_bringup/package.sh'
[0.287s] [34mcolcon.colcon_core.shell[0m [1;30mINFO[0m Creating package script '/home/mizu/workspace/homework_ws/recruit/src/install/homework_bringup/share/homework_bringup/package.bash'
[0.288s] [34mcolcon.colcon_core.shell[0m [1;30mINFO[0m Creating package script '/home/mizu/workspace/homework_ws/recruit/src/install/homework_bringup/share/homework_bringup/package.zsh'
[0.289s] [34mcolcon.colcon_core.environment[0m [1;30mLevel 1[0m create_file_with_runtime_dependencies(/home/mizu/workspace/homework_ws/recruit/src/install/homework_bringup/share/colcon-core/packages/homework_bringup)
[0.289s] [34mcolcon.colcon_core.environment[0m [1;30mLevel 1[0m create_environment_scripts_only(homework_bringup)
[0.289s] [34mcolcon.colcon_core.environment[0m [1;30mLevel 1[0m checking '/home/mizu/workspace/homework_ws/recruit/src/install/homework_bringup' for CMake module files
[0.289s] [34mcolcon.colcon_core.environment[0m [1;30mLevel 1[0m checking '/home/mizu/workspace/homework_ws/recruit/src/install/homework_bringup' for CMake config files
[0.289s] [34mcolcon.colcon_core.shell[0m [1;30mLevel 1[0m create_environment_hook('homework_bringup', 'cmake_prefix_path')
[0.290s] [34mcolcon.colcon_core.shell[0m [1;30mINFO[0m Creating environment hook '/home/mizu/workspace/homework_ws/recruit/src/install/homework_bringup/share/homework_bringup/hook/cmake_prefix_path.ps1'
[0.290s] [34mcolcon.colcon_core.shell[0m [1;30mINFO[0m Creating environment descriptor '/home/mizu/workspace/homework_ws/recruit/src/install/homework_bringup/share/homework_bringup/hook/cmake_prefix_path.dsv'
[0.290s] [34mcolcon.colcon_core.shell[0m [1;30mINFO[0m Creating environment hook '/home/mizu/workspace/homework_ws/recruit/src/install/homework_bringup/share/homework_bringup/hook/cmake_prefix_path.sh'
[0.291s] [34mcolcon.colcon_core.environment[0m [1;30mLevel 1[0m checking '/home/mizu/workspace/homework_ws/recruit/src/install/homework_bringup/bin'
[0.291s] [34mcolcon.colcon_core.environment[0m [1;30mLevel 1[0m checking '/home/mizu/workspace/homework_ws/recruit/src/install/homework_bringup/lib/pkgconfig/homework_bringup.pc'
[0.291s] [34mcolcon.colcon_core.environment[0m [1;30mLevel 1[0m checking '/home/mizu/workspace/homework_ws/recruit/src/install/homework_bringup/lib/python3.10/site-packages'
[0.291s] [34mcolcon.colcon_core.environment[0m [1;30mLevel 1[0m checking '/home/mizu/workspace/homework_ws/recruit/src/install/homework_bringup/bin'
[0.291s] [34mcolcon.colcon_core.shell[0m [1;30mINFO[0m Creating package script '/home/mizu/workspace/homework_ws/recruit/src/install/homework_bringup/share/homework_bringup/package.ps1'
[0.292s] [34mcolcon.colcon_core.shell[0m [1;30mINFO[0m Creating package descriptor '/home/mizu/workspace/homework_ws/recruit/src/install/homework_bringup/share/homework_bringup/package.dsv'
[0.292s] [34mcolcon.colcon_core.shell[0m [1;30mINFO[0m Creating package script '/home/mizu/workspace/homework_ws/recruit/src/install/homework_bringup/share/homework_bringup/package.sh'
[0.292s] [34mcolcon.colcon_core.shell[0m [1;30mINFO[0m Creating package script '/home/mizu/workspace/homework_ws/recruit/src/install/homework_bringup/share/homework_bringup/package.bash'
[0.293s] [34mcolcon.colcon_core.shell[0m [1;30mINFO[0m Creating package script '/home/mizu/workspace/homework_ws/recruit/src/install/homework_bringup/share/homework_bringup/package.zsh'
[0.293s] [34mcolcon.colcon_core.environment[0m [1;30mLevel 1[0m create_file_with_runtime_dependencies(/home/mizu/workspace/homework_ws/recruit/src/install/homework_bringup/share/colcon-core/packages/homework_bringup)
[0.296s] [34mcolcon.colcon_core.event_handler.log_command[0m [1;30mDEBUG[0m [32mInvoked command in '/home/mizu/workspace/homework_ws/recruit/src/build/decider' returned '0': CMAKE_PREFIX_PATH=${CMAKE_PREFIX_PATH}:/opt/ros/humble /usr/bin/cmake --build /home/mizu/workspace/homework_ws/recruit/src/build/decider -- -j32 -l32[0m
[0.297s] [34mcolcon.colcon_core.event_handler.log_command[0m [1;30mDEBUG[0m [32mInvoking command in '/home/mizu/workspace/homework_ws/recruit/src/build/decider': CMAKE_PREFIX_PATH=${CMAKE_PREFIX_PATH}:/opt/ros/humble /usr/bin/cmake --install /home/mizu/workspace/homework_ws/recruit/src/build/decider[0m
[0.298s] [34mcolcon.colcon_core.event_handler.log_command[0m [1;30mDEBUG[0m [32mInvoked command in '/home/mizu/workspace/homework_ws/recruit/src/build/img_process' returned '0': CMAKE_PREFIX_PATH=${CMAKE_PREFIX_PATH}:/opt/ros/humble /usr/bin/cmake --build /home/mizu/workspace/homework_ws/recruit/src/build/img_process -- -j32 -l32[0m
[0.300s] [34mcolcon.colcon_core.event_handler.log_command[0m [1;30mDEBUG[0m [32mInvoking command in '/home/mizu/workspace/homework_ws/recruit/src/build/img_process': CMAKE_PREFIX_PATH=${CMAKE_PREFIX_PATH}:/opt/ros/humble /usr/bin/cmake --install /home/mizu/workspace/homework_ws/recruit/src/build/img_process[0m
[0.301s] [34mcolcon.colcon_core.event_handler.log_command[0m [1;30mDEBUG[0m [32mInvoked command in '/home/mizu/workspace/homework_ws/recruit/src/build/predictor' returned '0': CMAKE_PREFIX_PATH=${CMAKE_PREFIX_PATH}:/opt/ros/humble /usr/bin/cmake --build /home/mizu/workspace/homework_ws/recruit/src/build/predictor -- -j32 -l32[0m
[0.302s] [34mcolcon.colcon_core.event_handler.log_command[0m [1;30mDEBUG[0m [32mInvoking command in '/home/mizu/workspace/homework_ws/recruit/src/build/predictor': CMAKE_PREFIX_PATH=${CMAKE_PREFIX_PATH}:/opt/ros/humble /usr/bin/cmake --install /home/mizu/workspace/homework_ws/recruit/src/build/predictor[0m
[0.308s] [34mcolcon.colcon_core.environment[0m [1;30mLevel 1[0m create_environment_scripts_only(img_process)
[0.308s] [34mcolcon.colcon_core.event_handler.log_command[0m [1;30mDEBUG[0m [32mInvoked command in '/home/mizu/workspace/homework_ws/recruit/src/build/img_process' returned '0': CMAKE_PREFIX_PATH=${CMAKE_PREFIX_PATH}:/opt/ros/humble /usr/bin/cmake --install /home/mizu/workspace/homework_ws/recruit/src/build/img_process[0m
[0.308s] [34mcolcon.colcon_core.environment[0m [1;30mLevel 1[0m checking '/home/mizu/workspace/homework_ws/recruit/src/install/img_process' for CMake module files
[0.310s] [34mcolcon.colcon_core.environment[0m [1;30mLevel 1[0m checking '/home/mizu/workspace/homework_ws/recruit/src/install/img_process' for CMake config files
[0.310s] [34mcolcon.colcon_core.shell[0m [1;30mLevel 1[0m create_environment_hook('img_process', 'cmake_prefix_path')
[0.310s] [34mcolcon.colcon_core.shell[0m [1;30mINFO[0m Creating environment hook '/home/mizu/workspace/homework_ws/recruit/src/install/img_process/share/img_process/hook/cmake_prefix_path.ps1'
[0.311s] [34mcolcon.colcon_core.shell[0m [1;30mINFO[0m Creating environment descriptor '/home/mizu/workspace/homework_ws/recruit/src/install/img_process/share/img_process/hook/cmake_prefix_path.dsv'
[0.311s] [34mcolcon.colcon_core.shell[0m [1;30mINFO[0m Creating environment hook '/home/mizu/workspace/homework_ws/recruit/src/install/img_process/share/img_process/hook/cmake_prefix_path.sh'
[0.312s] [34mcolcon.colcon_core.environment[0m [1;30mLevel 1[0m checking '/home/mizu/workspace/homework_ws/recruit/src/install/img_process/lib'
[0.312s] [34mcolcon.colcon_core.shell[0m [1;30mLevel 1[0m create_environment_hook('img_process', 'ld_library_path_lib')
[0.313s] [34mcolcon.colcon_core.shell[0m [1;30mINFO[0m Creating environment hook '/home/mizu/workspace/homework_ws/recruit/src/install/img_process/share/img_process/hook/ld_library_path_lib.ps1'
[0.313s] [34mcolcon.colcon_core.shell[0m [1;30mINFO[0m Creating environment descriptor '/home/mizu/workspace/homework_ws/recruit/src/install/img_process/share/img_process/hook/ld_library_path_lib.dsv'
[0.313s] [34mcolcon.colcon_core.shell[0m [1;30mINFO[0m Creating environment hook '/home/mizu/workspace/homework_ws/recruit/src/install/img_process/share/img_process/hook/ld_library_path_lib.sh'
[0.314s] [34mcolcon.colcon_core.environment[0m [1;30mLevel 1[0m checking '/home/mizu/workspace/homework_ws/recruit/src/install/img_process/bin'
[0.314s] [34mcolcon.colcon_core.environment[0m [1;30mLevel 1[0m checking '/home/mizu/workspace/homework_ws/recruit/src/install/img_process/lib/pkgconfig/img_process.pc'
[0.314s] [34mcolcon.colcon_core.environment[0m [1;30mLevel 1[0m checking '/home/mizu/workspace/homework_ws/recruit/src/install/img_process/lib/python3.10/site-packages'
[0.315s] [34mcolcon.colcon_core.environment[0m [1;30mLevel 1[0m checking '/home/mizu/workspace/homework_ws/recruit/src/install/img_process/bin'
[0.315s] [34mcolcon.colcon_core.shell[0m [1;30mINFO[0m Creating package script '/home/mizu/workspace/homework_ws/recruit/src/install/img_process/share/img_process/package.ps1'
[0.316s] [34mcolcon.colcon_core.shell[0m [1;30mINFO[0m Creating package descriptor '/home/mizu/workspace/homework_ws/recruit/src/install/img_process/share/img_process/package.dsv'
[0.316s] [34mcolcon.colcon_core.shell[0m [1;30mINFO[0m Creating package script '/home/mizu/workspace/homework_ws/recruit/src/install/img_process/share/img_process/package.sh'
[0.317s] [34mcolcon.colcon_core.shell[0m [1;30mINFO[0m Creating package script '/home/mizu/workspace/homework_ws/recruit/src/install/img_process/share/img_process/package.bash'
[0.317s] [34mcolcon.colcon_core.shell[0m [1;30mINFO[0m Creating package script '/home/mizu/workspace/homework_ws/recruit/src/install/img_process/share/img_process/package.zsh'
[0.318s] [34mcolcon.colcon_core.environment[0m [1;30mLevel 1[0m create_file_with_runtime_dependencies(/home/mizu/workspace/homework_ws/recruit/src/install/img_process/share/colcon-core/packages/img_process)
[0.318s] [34mcolcon.colcon_core.environment[0m [1;30mLevel 1[0m create_environment_scripts_only(img_process)
[0.318s] [34mcolcon.colcon_core.environment[0m [1;30mLevel 1[0m checking '/home/mizu/workspace/homework_ws/recruit/src/install/img_process' for CMake module files
[0.319s] [34mcolcon.colcon_core.environment[0m [1;30mLevel 1[0m checking '/home/mizu/workspace/homework_ws/recruit/src/install/img_process' for CMake config files
[0.319s] [34mcolcon.colcon_core.shell[0m [1;30mLevel 1[0m create_environment_hook('img_process', 'cmake_prefix_path')
[0.319s] [34mcolcon.colcon_core.shell[0m [1;30mINFO[0m Creating environment hook '/home/mizu/workspace/homework_ws/recruit/src/install/img_process/share/img_process/hook/cmake_prefix_path.ps1'
[0.319s] [34mcolcon.colcon_core.shell[0m [1;30mINFO[0m Creating environment descriptor '/home/mizu/workspace/homework_ws/recruit/src/install/img_process/share/img_process/hook/cmake_prefix_path.dsv'
[0.319s] [34mcolcon.colcon_core.shell[0m [1;30mINFO[0m Creating environment hook '/home/mizu/workspace/homework_ws/recruit/src/install/img_process/share/img_process/hook/cmake_prefix_path.sh'
[0.320s] [34mcolcon.colcon_core.environment[0m [1;30mLevel 1[0m checking '/home/mizu/workspace/homework_ws/recruit/src/install/img_process/lib'
[0.320s] [34mcolcon.colcon_core.shell[0m [1;30mLevel 1[0m create_environment_hook('img_process', 'ld_library_path_lib')
[0.320s] [34mcolcon.colcon_core.shell[0m [1;30mINFO[0m Creating environment hook '/home/mizu/workspace/homework_ws/recruit/src/install/img_process/share/img_process/hook/ld_library_path_lib.ps1'
[0.320s] [34mcolcon.colcon_core.shell[0m [1;30mINFO[0m Creating environment descriptor '/home/mizu/workspace/homework_ws/recruit/src/install/img_process/share/img_process/hook/ld_library_path_lib.dsv'
[0.321s] [34mcolcon.colcon_core.shell[0m [1;30mINFO[0m Creating environment hook '/home/mizu/workspace/homework_ws/recruit/src/install/img_process/share/img_process/hook/ld_library_path_lib.sh'
[0.321s] [34mcolcon.colcon_core.environment[0m [1;30mLevel 1[0m checking '/home/mizu/workspace/homework_ws/recruit/src/install/img_process/bin'
[0.321s] [34mcolcon.colcon_core.environment[0m [1;30mLevel 1[0m checking '/home/mizu/workspace/homework_ws/recruit/src/install/img_process/lib/pkgconfig/img_process.pc'
[0.321s] [34mcolcon.colcon_core.environment[0m [1;30mLevel 1[0m checking '/home/mizu/workspace/homework_ws/recruit/src/install/img_process/lib/python3.10/site-packages'
[0.321s] [34mcolcon.colcon_core.environment[0m [1;30mLevel 1[0m checking '/home/mizu/workspace/homework_ws/recruit/src/install/img_process/bin'
[0.322s] [34mcolcon.colcon_core.shell[0m [1;30mINFO[0m Creating package script '/home/mizu/workspace/homework_ws/recruit/src/install/img_process/share/img_process/package.ps1'
[0.322s] [34mcolcon.colcon_core.shell[0m [1;30mINFO[0m Creating package descriptor '/home/mizu/workspace/homework_ws/recruit/src/install/img_process/share/img_process/package.dsv'
[0.323s] [34mcolcon.colcon_core.shell[0m [1;30mINFO[0m Creating package script '/home/mizu/workspace/homework_ws/recruit/src/install/img_process/share/img_process/package.sh'
[0.323s] [34mcolcon.colcon_core.shell[0m [1;30mINFO[0m Creating package script '/home/mizu/workspace/homework_ws/recruit/src/install/img_process/share/img_process/package.bash'
[0.323s] [34mcolcon.colcon_core.shell[0m [1;30mINFO[0m Creating package script '/home/mizu/workspace/homework_ws/recruit/src/install/img_process/share/img_process/package.zsh'
[0.324s] [34mcolcon.colcon_core.environment[0m [1;30mLevel 1[0m create_file_with_runtime_dependencies(/home/mizu/workspace/homework_ws/recruit/src/install/img_process/share/colcon-core/packages/img_process)
[0.324s] [34mcolcon.colcon_core.environment[0m [1;30mLevel 1[0m create_environment_scripts_only(decider)
[0.324s] [34mcolcon.colcon_core.environment[0m [1;30mLevel 1[0m checking '/home/mizu/workspace/homework_ws/recruit/src/install/decider' for CMake module files
[0.325s] [34mcolcon.colcon_core.event_handler.log_command[0m [1;30mDEBUG[0m [32mInvoked command in '/home/mizu/workspace/homework_ws/recruit/src/build/decider' returned '0': CMAKE_PREFIX_PATH=${CMAKE_PREFIX_PATH}:/opt/ros/humble /usr/bin/cmake --install /home/mizu/workspace/homework_ws/recruit/src/build/decider[0m
[0.325s] [34mcolcon.colcon_core.environment[0m [1;30mLevel 1[0m checking '/home/mizu/workspace/homework_ws/recruit/src/install/decider' for CMake config files
[0.326s] [34mcolcon.colcon_core.shell[0m [1;30mLevel 1[0m create_environment_hook('decider', 'cmake_prefix_path')
[0.326s] [34mcolcon.colcon_core.shell[0m [1;30mINFO[0m Creating environment hook '/home/mizu/workspace/homework_ws/recruit/src/install/decider/share/decider/hook/cmake_prefix_path.ps1'
[0.326s] [34mcolcon.colcon_core.shell[0m [1;30mINFO[0m Creating environment descriptor '/home/mizu/workspace/homework_ws/recruit/src/install/decider/share/decider/hook/cmake_prefix_path.dsv'
[0.326s] [34mcolcon.colcon_core.shell[0m [1;30mINFO[0m Creating environment hook '/home/mizu/workspace/homework_ws/recruit/src/install/decider/share/decider/hook/cmake_prefix_path.sh'
[0.327s] [34mcolcon.colcon_core.environment[0m [1;30mLevel 1[0m checking '/home/mizu/workspace/homework_ws/recruit/src/install/decider/lib'
[0.327s] [34mcolcon.colcon_core.shell[0m [1;30mLevel 1[0m create_environment_hook('decider', 'ld_library_path_lib')
[0.327s] [34mcolcon.colcon_core.shell[0m [1;30mINFO[0m Creating environment hook '/home/mizu/workspace/homework_ws/recruit/src/install/decider/share/decider/hook/ld_library_path_lib.ps1'
[0.327s] [34mcolcon.colcon_core.shell[0m [1;30mINFO[0m Creating environment descriptor '/home/mizu/workspace/homework_ws/recruit/src/install/decider/share/decider/hook/ld_library_path_lib.dsv'
[0.328s] [34mcolcon.colcon_core.shell[0m [1;30mINFO[0m Creating environment hook '/home/mizu/workspace/homework_ws/recruit/src/install/decider/share/decider/hook/ld_library_path_lib.sh'
[0.328s] [34mcolcon.colcon_core.environment[0m [1;30mLevel 1[0m checking '/home/mizu/workspace/homework_ws/recruit/src/install/decider/bin'
[0.328s] [34mcolcon.colcon_core.environment[0m [1;30mLevel 1[0m checking '/home/mizu/workspace/homework_ws/recruit/src/install/decider/lib/pkgconfig/decider.pc'
[0.328s] [34mcolcon.colcon_core.environment[0m [1;30mLevel 1[0m checking '/home/mizu/workspace/homework_ws/recruit/src/install/decider/lib/python3.10/site-packages'
[0.328s] [34mcolcon.colcon_core.environment[0m [1;30mLevel 1[0m checking '/home/mizu/workspace/homework_ws/recruit/src/install/decider/bin'
[0.329s] [34mcolcon.colcon_core.shell[0m [1;30mINFO[0m Creating package script '/home/mizu/workspace/homework_ws/recruit/src/install/decider/share/decider/package.ps1'
[0.329s] [34mcolcon.colcon_core.shell[0m [1;30mINFO[0m Creating package descriptor '/home/mizu/workspace/homework_ws/recruit/src/install/decider/share/decider/package.dsv'
[0.330s] [34mcolcon.colcon_core.shell[0m [1;30mINFO[0m Creating package script '/home/mizu/workspace/homework_ws/recruit/src/install/decider/share/decider/package.sh'
[0.330s] [34mcolcon.colcon_core.shell[0m [1;30mINFO[0m Creating package script '/home/mizu/workspace/homework_ws/recruit/src/install/decider/share/decider/package.bash'
[0.330s] [34mcolcon.colcon_core.shell[0m [1;30mINFO[0m Creating package script '/home/mizu/workspace/homework_ws/recruit/src/install/decider/share/decider/package.zsh'
[0.331s] [34mcolcon.colcon_core.environment[0m [1;30mLevel 1[0m create_file_with_runtime_dependencies(/home/mizu/workspace/homework_ws/recruit/src/install/decider/share/colcon-core/packages/decider)
[0.331s] [34mcolcon.colcon_core.environment[0m [1;30mLevel 1[0m create_environment_scripts_only(decider)
[0.331s] [34mcolcon.colcon_core.environment[0m [1;30mLevel 1[0m checking '/home/mizu/workspace/homework_ws/recruit/src/install/decider' for CMake module files
[0.332s] [34mcolcon.colcon_core.environment[0m [1;30mLevel 1[0m checking '/home/mizu/workspace/homework_ws/recruit/src/install/decider' for CMake config files
[0.332s] [34mcolcon.colcon_core.shell[0m [1;30mLevel 1[0m create_environment_hook('decider', 'cmake_prefix_path')
[0.332s] [34mcolcon.colcon_core.shell[0m [1;30mINFO[0m Creating environment hook '/home/mizu/workspace/homework_ws/recruit/src/install/decider/share/decider/hook/cmake_prefix_path.ps1'
[0.333s] [34mcolcon.colcon_core.shell[0m [1;30mINFO[0m Creating environment descriptor '/home/mizu/workspace/homework_ws/recruit/src/install/decider/share/decider/hook/cmake_prefix_path.dsv'
[0.333s] [34mcolcon.colcon_core.shell[0m [1;30mINFO[0m Creating environment hook '/home/mizu/workspace/homework_ws/recruit/src/install/decider/share/decider/hook/cmake_prefix_path.sh'
[0.334s] [34mcolcon.colcon_core.environment[0m [1;30mLevel 1[0m checking '/home/mizu/workspace/homework_ws/recruit/src/install/decider/lib'
[0.334s] [34mcolcon.colcon_core.shell[0m [1;30mLevel 1[0m create_environment_hook('decider', 'ld_library_path_lib')
[0.334s] [34mcolcon.colcon_core.shell[0m [1;30mINFO[0m Creating environment hook '/home/mizu/workspace/homework_ws/recruit/src/install/decider/share/decider/hook/ld_library_path_lib.ps1'
[0.334s] [34mcolcon.colcon_core.shell[0m [1;30mINFO[0m Creating environment descriptor '/home/mizu/workspace/homework_ws/recruit/src/install/decider/share/decider/hook/ld_library_path_lib.dsv'
[0.335s] [34mcolcon.colcon_core.shell[0m [1;30mINFO[0m Creating environment hook '/home/mizu/workspace/homework_ws/recruit/src/install/decider/share/decider/hook/ld_library_path_lib.sh'
[0.335s] [34mcolcon.colcon_core.environment[0m [1;30mLevel 1[0m checking '/home/mizu/workspace/homework_ws/recruit/src/install/decider/bin'
[0.335s] [34mcolcon.colcon_core.environment[0m [1;30mLevel 1[0m checking '/home/mizu/workspace/homework_ws/recruit/src/install/decider/lib/pkgconfig/decider.pc'
[0.335s] [34mcolcon.colcon_core.environment[0m [1;30mLevel 1[0m checking '/home/mizu/workspace/homework_ws/recruit/src/install/decider/lib/python3.10/site-packages'
[0.336s] [34mcolcon.colcon_core.environment[0m [1;30mLevel 1[0m checking '/home/mizu/workspace/homework_ws/recruit/src/install/decider/bin'
[0.336s] [34mcolcon.colcon_core.shell[0m [1;30mINFO[0m Creating package script '/home/mizu/workspace/homework_ws/recruit/src/install/decider/share/decider/package.ps1'
[0.336s] [34mcolcon.colcon_core.shell[0m [1;30mINFO[0m Creating package descriptor '/home/mizu/workspace/homework_ws/recruit/src/install/decider/share/decider/package.dsv'
[0.337s] [34mcolcon.colcon_core.shell[0m [1;30mINFO[0m Creating package script '/home/mizu/workspace/homework_ws/recruit/src/install/decider/share/decider/package.sh'
[0.337s] [34mcolcon.colcon_core.shell[0m [1;30mINFO[0m Creating package script '/home/mizu/workspace/homework_ws/recruit/src/install/decider/share/decider/package.bash'
[0.337s] [34mcolcon.colcon_core.shell[0m [1;30mINFO[0m Creating package script '/home/mizu/workspace/homework_ws/recruit/src/install/decider/share/decider/package.zsh'
[0.338s] [34mcolcon.colcon_core.environment[0m [1;30mLevel 1[0m create_file_with_runtime_dependencies(/home/mizu/workspace/homework_ws/recruit/src/install/decider/share/colcon-core/packages/decider)
[0.339s] [34mcolcon.colcon_core.environment[0m [1;30mLevel 1[0m create_environment_scripts_only(predictor)
[0.339s] [34mcolcon.colcon_core.event_handler.log_command[0m [1;30mDEBUG[0m [32mInvoked command in '/home/mizu/workspace/homework_ws/recruit/src/build/predictor' returned '0': CMAKE_PREFIX_PATH=${CMAKE_PREFIX_PATH}:/opt/ros/humble /usr/bin/cmake --install /home/mizu/workspace/homework_ws/recruit/src/build/predictor[0m
[0.339s] [34mcolcon.colcon_core.environment[0m [1;30mLevel 1[0m checking '/home/mizu/workspace/homework_ws/recruit/src/install/predictor' for CMake module files
[0.340s] [34mcolcon.colcon_core.environment[0m [1;30mLevel 1[0m checking '/home/mizu/workspace/homework_ws/recruit/src/install/predictor' for CMake config files
[0.340s] [34mcolcon.colcon_core.shell[0m [1;30mLevel 1[0m create_environment_hook('predictor', 'cmake_prefix_path')
[0.340s] [34mcolcon.colcon_core.shell[0m [1;30mINFO[0m Creating environment hook '/home/mizu/workspace/homework_ws/recruit/src/install/predictor/share/predictor/hook/cmake_prefix_path.ps1'
[0.341s] [34mcolcon.colcon_core.shell[0m [1;30mINFO[0m Creating environment descriptor '/home/mizu/workspace/homework_ws/recruit/src/install/predictor/share/predictor/hook/cmake_prefix_path.dsv'
[0.341s] [34mcolcon.colcon_core.shell[0m [1;30mINFO[0m Creating environment hook '/home/mizu/workspace/homework_ws/recruit/src/install/predictor/share/predictor/hook/cmake_prefix_path.sh'
[0.341s] [34mcolcon.colcon_core.environment[0m [1;30mLevel 1[0m checking '/home/mizu/workspace/homework_ws/recruit/src/install/predictor/lib'
[0.342s] [34mcolcon.colcon_core.shell[0m [1;30mLevel 1[0m create_environment_hook('predictor', 'ld_library_path_lib')
[0.342s] [34mcolcon.colcon_core.shell[0m [1;30mINFO[0m Creating environment hook '/home/mizu/workspace/homework_ws/recruit/src/install/predictor/share/predictor/hook/ld_library_path_lib.ps1'
[0.342s] [34mcolcon.colcon_core.shell[0m [1;30mINFO[0m Creating environment descriptor '/home/mizu/workspace/homework_ws/recruit/src/install/predictor/share/predictor/hook/ld_library_path_lib.dsv'
[0.342s] [34mcolcon.colcon_core.shell[0m [1;30mINFO[0m Creating environment hook '/home/mizu/workspace/homework_ws/recruit/src/install/predictor/share/predictor/hook/ld_library_path_lib.sh'
[0.342s] [34mcolcon.colcon_core.environment[0m [1;30mLevel 1[0m checking '/home/mizu/workspace/homework_ws/recruit/src/install/predictor/bin'
[0.342s] [34mcolcon.colcon_core.environment[0m [1;30mLevel 1[0m checking '/home/mizu/workspace/homework_ws/recruit/src/install/predictor/lib/pkgconfig/predictor.pc'
[0.343s] [34mcolcon.colcon_core.environment[0m [1;30mLevel 1[0m checking '/home/mizu/workspace/homework_ws/recruit/src/install/predictor/lib/python3.10/site-packages'
[0.343s] [34mcolcon.colcon_core.environment[0m [1;30mLevel 1[0m checking '/home/mizu/workspace/homework_ws/recruit/src/install/predictor/bin'
[0.343s] [34mcolcon.colcon_core.shell[0m [1;30mINFO[0m Creating package script '/home/mizu/workspace/homework_ws/recruit/src/install/predictor/share/predictor/package.ps1'
[0.343s] [34mcolcon.colcon_core.shell[0m [1;30mINFO[0m Creating package descriptor '/home/mizu/workspace/homework_ws/recruit/src/install/predictor/share/predictor/package.dsv'
[0.344s] [34mcolcon.colcon_core.shell[0m [1;30mINFO[0m Creating package script '/home/mizu/workspace/homework_ws/recruit/src/install/predictor/share/predictor/package.sh'
[0.344s] [34mcolcon.colcon_core.shell[0m [1;30mINFO[0m Creating package script '/home/mizu/workspace/homework_ws/recruit/src/install/predictor/share/predictor/package.bash'
[0.344s] [34mcolcon.colcon_core.shell[0m [1;30mINFO[0m Creating package script '/home/mizu/workspace/homework_ws/recruit/src/install/predictor/share/predictor/package.zsh'
[0.345s] [34mcolcon.colcon_core.environment[0m [1;30mLevel 1[0m create_file_with_runtime_dependencies(/home/mizu/workspace/homework_ws/recruit/src/install/predictor/share/colcon-core/packages/predictor)
[0.345s] [34mcolcon.colcon_core.environment[0m [1;30mLevel 1[0m create_environment_scripts_only(predictor)
[0.345s] [34mcolcon.colcon_core.environment[0m [1;30mLevel 1[0m checking '/home/mizu/workspace/homework_ws/recruit/src/install/predictor' for CMake module files
[0.346s] [34mcolcon.colcon_core.environment[0m [1;30mLevel 1[0m checking '/home/mizu/workspace/homework_ws/recruit/src/install/predictor' for CMake config files
[0.346s] [34mcolcon.colcon_core.shell[0m [1;30mLevel 1[0m create_environment_hook('predictor', 'cmake_prefix_path')
[0.346s] [34mcolcon.colcon_core.shell[0m [1;30mINFO[0m Creating environment hook '/home/mizu/workspace/homework_ws/recruit/src/install/predictor/share/predictor/hook/cmake_prefix_path.ps1'
[0.346s] [34mcolcon.colcon_core.shell[0m [1;30mINFO[0m Creating environment descriptor '/home/mizu/workspace/homework_ws/recruit/src/install/predictor/share/predictor/hook/cmake_prefix_path.dsv'
[0.347s] [34mcolcon.colcon_core.shell[0m [1;30mINFO[0m Creating environment hook '/home/mizu/workspace/homework_ws/recruit/src/install/predictor/share/predictor/hook/cmake_prefix_path.sh'
[0.347s] [34mcolcon.colcon_core.environment[0m [1;30mLevel 1[0m checking '/home/mizu/workspace/homework_ws/recruit/src/install/predictor/lib'
[0.347s] [34mcolcon.colcon_core.shell[0m [1;30mLevel 1[0m create_environment_hook('predictor', 'ld_library_path_lib')
[0.347s] [34mcolcon.colcon_core.shell[0m [1;30mINFO[0m Creating environment hook '/home/mizu/workspace/homework_ws/recruit/src/install/predictor/share/predictor/hook/ld_library_path_lib.ps1'
[0.348s] [34mcolcon.colcon_core.shell[0m [1;30mINFO[0m Creating environment descriptor '/home/mizu/workspace/homework_ws/recruit/src/install/predictor/share/predictor/hook/ld_library_path_lib.dsv'
[0.348s] [34mcolcon.colcon_core.shell[0m [1;30mINFO[0m Creating environment hook '/home/mizu/workspace/homework_ws/recruit/src/install/predictor/share/predictor/hook/ld_library_path_lib.sh'
[0.348s] [34mcolcon.colcon_core.environment[0m [1;30mLevel 1[0m checking '/home/mizu/workspace/homework_ws/recruit/src/install/predictor/bin'
[0.348s] [34mcolcon.colcon_core.environment[0m [1;30mLevel 1[0m checking '/home/mizu/workspace/homework_ws/recruit/src/install/predictor/lib/pkgconfig/predictor.pc'
[0.348s] [34mcolcon.colcon_core.environment[0m [1;30mLevel 1[0m checking '/home/mizu/workspace/homework_ws/recruit/src/install/predictor/lib/python3.10/site-packages'
[0.349s] [34mcolcon.colcon_core.environment[0m [1;30mLevel 1[0m checking '/home/mizu/workspace/homework_ws/recruit/src/install/predictor/bin'
[0.349s] [34mcolcon.colcon_core.shell[0m [1;30mINFO[0m Creating package script '/home/mizu/workspace/homework_ws/recruit/src/install/predictor/share/predictor/package.ps1'
[0.349s] [34mcolcon.colcon_core.shell[0m [1;30mINFO[0m Creating package descriptor '/home/mizu/workspace/homework_ws/recruit/src/install/predictor/share/predictor/package.dsv'
[0.350s] [34mcolcon.colcon_core.shell[0m [1;30mINFO[0m Creating package script '/home/mizu/workspace/homework_ws/recruit/src/install/predictor/share/predictor/package.sh'
[0.350s] [34mcolcon.colcon_core.shell[0m [1;30mINFO[0m Creating package script '/home/mizu/workspace/homework_ws/recruit/src/install/predictor/share/predictor/package.bash'
[0.350s] [34mcolcon.colcon_core.shell[0m [1;30mINFO[0m Creating package script '/home/mizu/workspace/homework_ws/recruit/src/install/predictor/share/predictor/package.zsh'
[0.351s] [34mcolcon.colcon_core.environment[0m [1;30mLevel 1[0m create_file_with_runtime_dependencies(/home/mizu/workspace/homework_ws/recruit/src/install/predictor/share/colcon-core/packages/predictor)
[0.351s] [34mcolcon.colcon_parallel_executor.executor.parallel[0m [1;30mDEBUG[0m [32mclosing loop[0m
[0.351s] [34mcolcon.colcon_parallel_executor.executor.parallel[0m [1;30mDEBUG[0m [32mloop closed[0m
[0.351s] [34mcolcon.colcon_parallel_executor.executor.parallel[0m [1;30mDEBUG[0m [32mrun_until_complete finished with '0'[0m
[0.351s] [34mcolcon.colcon_core.event_reactor[0m [1;30mDEBUG[0m [32mjoining thread[0m
[0.355s] [34mcolcon.colcon_core.plugin_system[0m [1;30mINFO[0m Skipping extension 'colcon_notification.desktop_notification.terminal_notifier': Not used on non-Darwin systems
[0.355s] [34mcolcon.colcon_core.plugin_system[0m [1;30mINFO[0m Skipping extension 'colcon_notification.desktop_notification.win32': Not used on non-Windows systems
[0.355s] [34mcolcon.colcon_notification.desktop_notification[0m [1;30mINFO[0m Sending desktop notification using 'notify2'
[0.367s] [34mcolcon.colcon_core.event_reactor[0m [1;30mDEBUG[0m [32mjoined thread[0m
[0.368s] [34mcolcon.colcon_core.shell[0m [1;30mINFO[0m Creating prefix script '/home/mizu/workspace/homework_ws/recruit/src/install/local_setup.ps1'
[0.368s] [34mcolcon.colcon_core.shell[0m [1;30mINFO[0m Creating prefix util module '/home/mizu/workspace/homework_ws/recruit/src/install/_local_setup_util_ps1.py'
[0.369s] [34mcolcon.colcon_core.shell[0m [1;30mINFO[0m Creating prefix chain script '/home/mizu/workspace/homework_ws/recruit/src/install/setup.ps1'
[0.370s] [34mcolcon.colcon_core.shell[0m [1;30mINFO[0m Creating prefix script '/home/mizu/workspace/homework_ws/recruit/src/install/local_setup.sh'
[0.370s] [34mcolcon.colcon_core.shell[0m [1;30mINFO[0m Creating prefix util module '/home/mizu/workspace/homework_ws/recruit/src/install/_local_setup_util_sh.py'
[0.371s] [34mcolcon.colcon_core.shell[0m [1;30mINFO[0m Creating prefix chain script '/home/mizu/workspace/homework_ws/recruit/src/install/setup.sh'
[0.372s] [34mcolcon.colcon_core.shell[0m [1;30mINFO[0m Creating prefix script '/home/mizu/workspace/homework_ws/recruit/src/install/local_setup.bash'
[0.372s] [34mcolcon.colcon_core.shell[0m [1;30mINFO[0m Creating prefix chain script '/home/mizu/workspace/homework_ws/recruit/src/install/setup.bash'
[0.373s] [34mcolcon.colcon_core.shell[0m [1;30mINFO[0m Creating prefix script '/home/mizu/workspace/homework_ws/recruit/src/install/local_setup.zsh'
[0.374s] [34mcolcon.colcon_core.shell[0m [1;30mINFO[0m Creating prefix chain script '/home/mizu/workspace/homework_ws/recruit/src/install/setup.zsh'
