[35m[1mConsolidate compiler generated dependencies of target img_process[0m
[100%] Built target img_process
-- Install configuration: ""
-- Up-to-date: /home/mizu/workspace/homework_ws/recruit/src/install/img_process/lib/libimg_process.so
-- Up-to-date: /home/mizu/workspace/homework_ws/recruit/src/install/img_process/share/ament_index/resource_index/package_run_dependencies/img_process
-- Up-to-date: /home/mizu/workspace/homework_ws/recruit/src/install/img_process/share/ament_index/resource_index/parent_prefix_path/img_process
-- Up-to-date: /home/mizu/workspace/homework_ws/recruit/src/install/img_process/share/img_process/environment/ament_prefix_path.sh
-- Up-to-date: /home/mizu/workspace/homework_ws/recruit/src/install/img_process/share/img_process/environment/ament_prefix_path.dsv
-- Up-to-date: /home/mizu/workspace/homework_ws/recruit/src/install/img_process/share/img_process/environment/path.sh
-- Up-to-date: /home/mizu/workspace/homework_ws/recruit/src/install/img_process/share/img_process/environment/path.dsv
-- Up-to-date: /home/mizu/workspace/homework_ws/recruit/src/install/img_process/share/img_process/local_setup.bash
-- Up-to-date: /home/mizu/workspace/homework_ws/recruit/src/install/img_process/share/img_process/local_setup.sh
-- Up-to-date: /home/mizu/workspace/homework_ws/recruit/src/install/img_process/share/img_process/local_setup.zsh
-- Up-to-date: /home/mizu/workspace/homework_ws/recruit/src/install/img_process/share/img_process/local_setup.dsv
-- Installing: /home/mizu/workspace/homework_ws/recruit/src/install/img_process/share/img_process/package.dsv
-- Up-to-date: /home/mizu/workspace/homework_ws/recruit/src/install/img_process/share/ament_index/resource_index/packages/img_process
-- Up-to-date: /home/mizu/workspace/homework_ws/recruit/src/install/img_process/share/ament_index/resource_index/rclcpp_components/img_process
-- Up-to-date: /home/mizu/workspace/homework_ws/recruit/src/install/img_process/share/img_process/cmake/img_processConfig.cmake
-- Up-to-date: /home/mizu/workspace/homework_ws/recruit/src/install/img_process/share/img_process/cmake/img_processConfig-version.cmake
-- Up-to-date: /home/mizu/workspace/homework_ws/recruit/src/install/img_process/share/img_process/package.xml
