[0.010s] Invoking command in '/home/mizu/workspace/homework_ws/recruit/src/build/img_process': CMAKE_PREFIX_PATH=${CMAKE_PREFIX_PATH}:/opt/ros/humble /usr/bin/cmake --build /home/mizu/workspace/homework_ws/recruit/src/build/img_process -- -j32 -l32
[0.048s] [35m[1mConsolidate compiler generated dependencies of target img_process[0m
[0.064s] [100%] Built target img_process
[0.079s] Invoked command in '/home/mizu/workspace/homework_ws/recruit/src/build/img_process' returned '0': CMAKE_PREFIX_PATH=${CMAKE_PREFIX_PATH}:/opt/ros/humble /usr/bin/cmake --build /home/mizu/workspace/homework_ws/recruit/src/build/img_process -- -j32 -l32
[0.082s] Invoking command in '/home/mizu/workspace/homework_ws/recruit/src/build/img_process': CMAKE_PREFIX_PATH=${CMAKE_PREFIX_PATH}:/opt/ros/humble /usr/bin/cmake --install /home/mizu/workspace/homework_ws/recruit/src/build/img_process
[0.085s] -- Install configuration: ""
[0.085s] -- Up-to-date: /home/mizu/workspace/homework_ws/recruit/src/install/img_process/lib/libimg_process.so
[0.086s] -- Up-to-date: /home/mizu/workspace/homework_ws/recruit/src/install/img_process/share/ament_index/resource_index/package_run_dependencies/img_process
[0.086s] -- Up-to-date: /home/mizu/workspace/homework_ws/recruit/src/install/img_process/share/ament_index/resource_index/parent_prefix_path/img_process
[0.086s] -- Up-to-date: /home/mizu/workspace/homework_ws/recruit/src/install/img_process/share/img_process/environment/ament_prefix_path.sh
[0.086s] -- Up-to-date: /home/mizu/workspace/homework_ws/recruit/src/install/img_process/share/img_process/environment/ament_prefix_path.dsv
[0.086s] -- Up-to-date: /home/mizu/workspace/homework_ws/recruit/src/install/img_process/share/img_process/environment/path.sh
[0.086s] -- Up-to-date: /home/mizu/workspace/homework_ws/recruit/src/install/img_process/share/img_process/environment/path.dsv
[0.086s] -- Up-to-date: /home/mizu/workspace/homework_ws/recruit/src/install/img_process/share/img_process/local_setup.bash
[0.086s] -- Up-to-date: /home/mizu/workspace/homework_ws/recruit/src/install/img_process/share/img_process/local_setup.sh
[0.086s] -- Up-to-date: /home/mizu/workspace/homework_ws/recruit/src/install/img_process/share/img_process/local_setup.zsh
[0.086s] -- Up-to-date: /home/mizu/workspace/homework_ws/recruit/src/install/img_process/share/img_process/local_setup.dsv
[0.086s] -- Installing: /home/mizu/workspace/homework_ws/recruit/src/install/img_process/share/img_process/package.dsv
[0.086s] -- Up-to-date: /home/mizu/workspace/homework_ws/recruit/src/install/img_process/share/ament_index/resource_index/packages/img_process
[0.086s] -- Up-to-date: /home/mizu/workspace/homework_ws/recruit/src/install/img_process/share/ament_index/resource_index/rclcpp_components/img_process
[0.086s] -- Up-to-date: /home/mizu/workspace/homework_ws/recruit/src/install/img_process/share/img_process/cmake/img_processConfig.cmake
[0.086s] -- Up-to-date: /home/mizu/workspace/homework_ws/recruit/src/install/img_process/share/img_process/cmake/img_processConfig-version.cmake
[0.086s] -- Up-to-date: /home/mizu/workspace/homework_ws/recruit/src/install/img_process/share/img_process/package.xml
[0.089s] Invoked command in '/home/mizu/workspace/homework_ws/recruit/src/build/img_process' returned '0': CMAKE_PREFIX_PATH=${CMAKE_PREFIX_PATH}:/opt/ros/humble /usr/bin/cmake --install /home/mizu/workspace/homework_ws/recruit/src/build/img_process
