[35m[1mConsolidate compiler generated dependencies of target predictor[0m
[100%] Built target predictor
-- Install configuration: ""
-- Up-to-date: /home/mizu/workspace/homework_ws/recruit/src/install/predictor/lib/libpredictor.so
-- Up-to-date: /home/mizu/workspace/homework_ws/recruit/src/install/predictor/share/ament_index/resource_index/package_run_dependencies/predictor
-- Up-to-date: /home/mizu/workspace/homework_ws/recruit/src/install/predictor/share/ament_index/resource_index/parent_prefix_path/predictor
-- Up-to-date: /home/mizu/workspace/homework_ws/recruit/src/install/predictor/share/predictor/environment/ament_prefix_path.sh
-- Up-to-date: /home/mizu/workspace/homework_ws/recruit/src/install/predictor/share/predictor/environment/ament_prefix_path.dsv
-- Up-to-date: /home/mizu/workspace/homework_ws/recruit/src/install/predictor/share/predictor/environment/path.sh
-- Up-to-date: /home/mizu/workspace/homework_ws/recruit/src/install/predictor/share/predictor/environment/path.dsv
-- Up-to-date: /home/mizu/workspace/homework_ws/recruit/src/install/predictor/share/predictor/local_setup.bash
-- Up-to-date: /home/mizu/workspace/homework_ws/recruit/src/install/predictor/share/predictor/local_setup.sh
-- Up-to-date: /home/mizu/workspace/homework_ws/recruit/src/install/predictor/share/predictor/local_setup.zsh
-- Up-to-date: /home/mizu/workspace/homework_ws/recruit/src/install/predictor/share/predictor/local_setup.dsv
-- Installing: /home/mizu/workspace/homework_ws/recruit/src/install/predictor/share/predictor/package.dsv
-- Up-to-date: /home/mizu/workspace/homework_ws/recruit/src/install/predictor/share/ament_index/resource_index/packages/predictor
-- Up-to-date: /home/mizu/workspace/homework_ws/recruit/src/install/predictor/share/ament_index/resource_index/rclcpp_components/predictor
-- Up-to-date: /home/mizu/workspace/homework_ws/recruit/src/install/predictor/share/predictor/cmake/predictorConfig.cmake
-- Up-to-date: /home/mizu/workspace/homework_ws/recruit/src/install/predictor/share/predictor/cmake/predictorConfig-version.cmake
-- Up-to-date: /home/mizu/workspace/homework_ws/recruit/src/install/predictor/share/predictor/package.xml
