[0.012s] Invoking command in '/home/mizu/workspace/homework_ws/recruit/src/build/predictor': CMAKE_PREFIX_PATH=${CMAKE_PREFIX_PATH}:/opt/ros/humble /usr/bin/cmake --build /home/mizu/workspace/homework_ws/recruit/src/build/predictor -- -j32 -l32
[0.048s] [35m[1mConsolidate compiler generated dependencies of target predictor[0m
[0.067s] [100%] Built target predictor
[0.080s] Invoked command in '/home/mizu/workspace/homework_ws/recruit/src/build/predictor' returned '0': CMAKE_PREFIX_PATH=${CMAKE_PREFIX_PATH}:/opt/ros/humble /usr/bin/cmake --build /home/mizu/workspace/homework_ws/recruit/src/build/predictor -- -j32 -l32
[0.081s] Invoking command in '/home/mizu/workspace/homework_ws/recruit/src/build/predictor': CMAKE_PREFIX_PATH=${CMAKE_PREFIX_PATH}:/opt/ros/humble /usr/bin/cmake --install /home/mizu/workspace/homework_ws/recruit/src/build/predictor
[0.086s] -- Install configuration: ""
[0.087s] -- Up-to-date: /home/mizu/workspace/homework_ws/recruit/src/install/predictor/lib/libpredictor.so
[0.088s] -- Up-to-date: /home/mizu/workspace/homework_ws/recruit/src/install/predictor/share/ament_index/resource_index/package_run_dependencies/predictor
[0.088s] -- Up-to-date: /home/mizu/workspace/homework_ws/recruit/src/install/predictor/share/ament_index/resource_index/parent_prefix_path/predictor
[0.088s] -- Up-to-date: /home/mizu/workspace/homework_ws/recruit/src/install/predictor/share/predictor/environment/ament_prefix_path.sh
[0.088s] -- Up-to-date: /home/mizu/workspace/homework_ws/recruit/src/install/predictor/share/predictor/environment/ament_prefix_path.dsv
[0.088s] -- Up-to-date: /home/mizu/workspace/homework_ws/recruit/src/install/predictor/share/predictor/environment/path.sh
[0.088s] -- Up-to-date: /home/mizu/workspace/homework_ws/recruit/src/install/predictor/share/predictor/environment/path.dsv
[0.088s] -- Up-to-date: /home/mizu/workspace/homework_ws/recruit/src/install/predictor/share/predictor/local_setup.bash
[0.088s] -- Up-to-date: /home/mizu/workspace/homework_ws/recruit/src/install/predictor/share/predictor/local_setup.sh
[0.088s] -- Up-to-date: /home/mizu/workspace/homework_ws/recruit/src/install/predictor/share/predictor/local_setup.zsh
[0.088s] -- Up-to-date: /home/mizu/workspace/homework_ws/recruit/src/install/predictor/share/predictor/local_setup.dsv
[0.088s] -- Installing: /home/mizu/workspace/homework_ws/recruit/src/install/predictor/share/predictor/package.dsv
[0.088s] -- Up-to-date: /home/mizu/workspace/homework_ws/recruit/src/install/predictor/share/ament_index/resource_index/packages/predictor
[0.088s] -- Up-to-date: /home/mizu/workspace/homework_ws/recruit/src/install/predictor/share/ament_index/resource_index/rclcpp_components/predictor
[0.088s] -- Up-to-date: /home/mizu/workspace/homework_ws/recruit/src/install/predictor/share/predictor/cmake/predictorConfig.cmake
[0.088s] -- Up-to-date: /home/mizu/workspace/homework_ws/recruit/src/install/predictor/share/predictor/cmake/predictorConfig-version.cmake
[0.088s] -- Up-to-date: /home/mizu/workspace/homework_ws/recruit/src/install/predictor/share/predictor/package.xml
[0.118s] Invoked command in '/home/mizu/workspace/homework_ws/recruit/src/build/predictor' returned '0': CMAKE_PREFIX_PATH=${CMAKE_PREFIX_PATH}:/opt/ros/humble /usr/bin/cmake --install /home/mizu/workspace/homework_ws/recruit/src/build/predictor
