[0.011s] Invoking command in '/home/mizu/workspace/homework_ws/recruit/src/build/homework_bringup': CMAKE_PREFIX_PATH=/opt/ros/humble /usr/bin/cmake /home/mizu/workspace/homework_ws/recruit/src/homework_bringup -DCMAKE_INSTALL_PREFIX=/home/mizu/workspace/homework_ws/recruit/src/install/homework_bringup
[0.062s] -- The C compiler identification is GNU 11.4.0
[0.116s] -- The CXX compiler identification is GNU 11.4.0
[0.122s] -- Detecting C compiler ABI info
[0.182s] -- Detecting C compiler ABI info - done
[0.190s] -- Check for working C compiler: /usr/bin/cc - skipped
[0.190s] -- Detecting C compile features
[0.190s] -- Detecting C compile features - done
[0.192s] -- Detecting CXX compiler ABI info
[0.265s] -- Detecting CXX compiler ABI info - done
[0.271s] -- Check for working CXX compiler: /usr/bin/c++ - skipped
[0.271s] -- Detecting CXX compile features
[0.271s] -- Detecting CXX compile features - done
[0.273s] -- Found ament_cmake: 1.3.12 (/opt/ros/humble/share/ament_cmake/cmake)
[0.401s] -- Found Python3: /usr/bin/python3 (found version "3.10.12") found components: Interpreter 
[0.466s] -- Found ament_lint_auto: 0.12.14 (/opt/ros/humble/share/ament_lint_auto/cmake)
[0.524s] -- Added test 'flake8' to check Python code syntax and style conventions
[0.524s] -- Added test 'lint_cmake' to check CMake code style
[0.524s] -- Added test 'pep257' to check Python code against some of the docstring style conventions in PEP 257
[0.525s] -- Added test 'xmllint' to check XML markup files
[0.525s] -- Configuring done
[0.527s] -- Generating done
[0.528s] -- Build files have been written to: /home/mizu/workspace/homework_ws/recruit/src/build/homework_bringup
[0.534s] Invoked command in '/home/mizu/workspace/homework_ws/recruit/src/build/homework_bringup' returned '0': CMAKE_PREFIX_PATH=/opt/ros/humble /usr/bin/cmake /home/mizu/workspace/homework_ws/recruit/src/homework_bringup -DCMAKE_INSTALL_PREFIX=/home/mizu/workspace/homework_ws/recruit/src/install/homework_bringup
[0.535s] Invoking command in '/home/mizu/workspace/homework_ws/recruit/src/build/homework_bringup': CMAKE_PREFIX_PATH=/opt/ros/humble /usr/bin/cmake --build /home/mizu/workspace/homework_ws/recruit/src/build/homework_bringup -- -j32 -l32
[0.563s] Invoked command in '/home/mizu/workspace/homework_ws/recruit/src/build/homework_bringup' returned '0': CMAKE_PREFIX_PATH=/opt/ros/humble /usr/bin/cmake --build /home/mizu/workspace/homework_ws/recruit/src/build/homework_bringup -- -j32 -l32
[0.572s] Invoking command in '/home/mizu/workspace/homework_ws/recruit/src/build/homework_bringup': CMAKE_PREFIX_PATH=/opt/ros/humble /usr/bin/cmake --install /home/mizu/workspace/homework_ws/recruit/src/build/homework_bringup
[0.576s] -- Install configuration: ""
[0.576s] -- Installing: /home/mizu/workspace/homework_ws/recruit/src/install/homework_bringup/share/homework_bringup/launch
[0.576s] -- Installing: /home/mizu/workspace/homework_ws/recruit/src/install/homework_bringup/share/homework_bringup/launch/bringup.launch.py
[0.576s] -- Installing: /home/mizu/workspace/homework_ws/recruit/src/install/homework_bringup/share/ament_index/resource_index/package_run_dependencies/homework_bringup
[0.576s] -- Installing: /home/mizu/workspace/homework_ws/recruit/src/install/homework_bringup/share/ament_index/resource_index/parent_prefix_path/homework_bringup
[0.577s] -- Installing: /home/mizu/workspace/homework_ws/recruit/src/install/homework_bringup/share/homework_bringup/environment/ament_prefix_path.sh
[0.577s] -- Installing: /home/mizu/workspace/homework_ws/recruit/src/install/homework_bringup/share/homework_bringup/environment/ament_prefix_path.dsv
[0.577s] -- Installing: /home/mizu/workspace/homework_ws/recruit/src/install/homework_bringup/share/homework_bringup/environment/path.sh
[0.577s] -- Installing: /home/mizu/workspace/homework_ws/recruit/src/install/homework_bringup/share/homework_bringup/environment/path.dsv
[0.577s] -- Installing: /home/mizu/workspace/homework_ws/recruit/src/install/homework_bringup/share/homework_bringup/local_setup.bash
[0.577s] -- Installing: /home/mizu/workspace/homework_ws/recruit/src/install/homework_bringup/share/homework_bringup/local_setup.sh
[0.577s] -- Installing: /home/mizu/workspace/homework_ws/recruit/src/install/homework_bringup/share/homework_bringup/local_setup.zsh
[0.577s] -- Installing: /home/mizu/workspace/homework_ws/recruit/src/install/homework_bringup/share/homework_bringup/local_setup.dsv
[0.577s] -- Installing: /home/mizu/workspace/homework_ws/recruit/src/install/homework_bringup/share/homework_bringup/package.dsv
[0.577s] -- Installing: /home/mizu/workspace/homework_ws/recruit/src/install/homework_bringup/share/ament_index/resource_index/packages/homework_bringup
[0.577s] -- Installing: /home/mizu/workspace/homework_ws/recruit/src/install/homework_bringup/share/homework_bringup/cmake/homework_bringupConfig.cmake
[0.577s] -- Installing: /home/mizu/workspace/homework_ws/recruit/src/install/homework_bringup/share/homework_bringup/cmake/homework_bringupConfig-version.cmake
[0.577s] -- Installing: /home/mizu/workspace/homework_ws/recruit/src/install/homework_bringup/share/homework_bringup/package.xml
[0.579s] Invoked command in '/home/mizu/workspace/homework_ws/recruit/src/build/homework_bringup' returned '0': CMAKE_PREFIX_PATH=/opt/ros/humble /usr/bin/cmake --install /home/mizu/workspace/homework_ws/recruit/src/build/homework_bringup
