-- The C compiler identification is GNU 11.4.0
-- The CXX compiler identification is GNU 11.4.0
-- Detecting C compiler ABI info
-- Detecting C compiler ABI info - done
-- Check for working C compiler: /usr/bin/cc - skipped
-- Detecting C compile features
-- Detecting C compile features - done
-- Detecting CXX compiler ABI info
-- Detecting CXX compiler ABI info - done
-- Check for working CXX compiler: /usr/bin/c++ - skipped
-- Detecting CXX compile features
-- Detecting CXX compile features - done
-- Found ament_cmake: 1.3.12 (/opt/ros/humble/share/ament_cmake/cmake)
-- Found Python3: /usr/bin/python3 (found version "3.10.12") found components: Interpreter 
-- Found rclcpp_components: 16.0.17 (/opt/ros/humble/share/rclcpp_components/cmake)
-- Found rosidl_generator_c: 3.1.8 (/opt/ros/humble/share/rosidl_generator_c/cmake)
-- Found rosidl_adapter: 3.1.8 (/opt/ros/humble/share/rosidl_adapter/cmake)
-- Found rosidl_generator_cpp: 3.1.8 (/opt/ros/humble/share/rosidl_generator_cpp/cmake)
-- Using all available rosidl_typesupport_c: rosidl_typesupport_fastrtps_c;rosidl_typesupport_introspection_c
-- Using all available rosidl_typesupport_cpp: rosidl_typesupport_fastrtps_cpp;rosidl_typesupport_introspection_cpp
-- Found rmw_implementation_cmake: 6.1.2 (/opt/ros/humble/share/rmw_implementation_cmake/cmake)
-- Found rmw_fastrtps_cpp: 6.2.9 (/opt/ros/humble/share/rmw_fastrtps_cpp/cmake)
-- Found OpenSSL: /usr/lib/x86_64-linux-gnu/libcrypto.so (found version "3.0.2")  
-- Found FastRTPS: /opt/ros/humble/include  
-- Using RMW implementation 'rmw_fastrtps_cpp' as default
-- Looking for pthread.h
-- Looking for pthread.h - found
-- Performing Test CMAKE_HAVE_LIBC_PTHREAD
-- Performing Test CMAKE_HAVE_LIBC_PTHREAD - Success
-- Found Threads: TRUE  
-- Found cv_bridge: 3.2.1 (/opt/ros/humble/share/cv_bridge/cmake)
-- Found OpenCV: /usr/local (found version "4.12.0") 
-- Found ament_lint_auto: 0.12.14 (/opt/ros/humble/share/ament_lint_auto/cmake)
-- Added test 'cppcheck' to perform static code analysis on C / C++ code
-- Configured cppcheck include dirs: 
-- Configured cppcheck exclude dirs and/or files: 
-- Added test 'lint_cmake' to check CMake code style
-- Added test 'uncrustify' to check C / C++ code style
-- Configured uncrustify additional arguments: 
-- Added test 'xmllint' to check XML markup files
-- Configuring done
-- Generating done
-- Build files have been written to: /home/mizu/workspace/homework_ws/recruit/src/build/img_process
[ 50%] [32mBuilding CXX object CMakeFiles/img_process.dir/src/RawReceiver.cpp.o[0m
[01m[K/home/mizu/workspace/homework_ws/recruit/src/img_process/src/RawReceiver.cpp:[m[K In member function ‘[01m[Kvoid RawReceiver::imageCallback(const ConstSharedPtr&)[m[K’:
[01m[K/home/mizu/workspace/homework_ws/recruit/src/img_process/src/RawReceiver.cpp:54:20:[m[K [01;35m[Kwarning: [m[Kunused variable ‘[01m[Ky_center[m[K’ [[01;35m[K]8;;https://gcc.gnu.org/onlinedocs/gcc/Warning-Options.html#index-Wunused-variable-Wunused-variable]8;;[m[K]
   54 |             double [01;35m[Ky_center[m[K = it.y + it.height ;
      |                    [01;35m[K^~~~~~~~[m[K
[01m[K/home/mizu/workspace/homework_ws/recruit/src/img_process/src/RawReceiver.cpp:77:27:[m[K [01;35m[Kwarning: [m[Kcomparison of integer expressions of different signedness: ‘[01m[Kint[m[K’ and ‘[01m[Kstd::vector<cv::Rect_<int> >::size_type[m[K’ {aka ‘[01m[Klong unsigned int[m[K’} [[01;35m[K]8;;https://gcc.gnu.org/onlinedocs/gcc/Warning-Options.html#index-Wsign-compare-Wsign-compare]8;;[m[K]
   77 |         for (int i = 0; [01;35m[Ki < contours_rect_.size()[m[K; i++) if (
      |                         [01;35m[K~~^~~~~~~~~~~~~~~~~~~~~~~[m[K
[100%] [32m[1mLinking CXX shared library libimg_process.so[0m
[100%] Built target img_process
-- Install configuration: ""
-- Installing: /home/mizu/workspace/homework_ws/recruit/src/install/img_process/lib/libimg_process.so
-- Set runtime path of "/home/mizu/workspace/homework_ws/recruit/src/install/img_process/lib/libimg_process.so" to ""
-- Installing: /home/mizu/workspace/homework_ws/recruit/src/install/img_process/share/ament_index/resource_index/package_run_dependencies/img_process
-- Installing: /home/mizu/workspace/homework_ws/recruit/src/install/img_process/share/ament_index/resource_index/parent_prefix_path/img_process
-- Installing: /home/mizu/workspace/homework_ws/recruit/src/install/img_process/share/img_process/environment/ament_prefix_path.sh
-- Installing: /home/mizu/workspace/homework_ws/recruit/src/install/img_process/share/img_process/environment/ament_prefix_path.dsv
-- Installing: /home/mizu/workspace/homework_ws/recruit/src/install/img_process/share/img_process/environment/path.sh
-- Installing: /home/mizu/workspace/homework_ws/recruit/src/install/img_process/share/img_process/environment/path.dsv
-- Installing: /home/mizu/workspace/homework_ws/recruit/src/install/img_process/share/img_process/local_setup.bash
-- Installing: /home/mizu/workspace/homework_ws/recruit/src/install/img_process/share/img_process/local_setup.sh
-- Installing: /home/mizu/workspace/homework_ws/recruit/src/install/img_process/share/img_process/local_setup.zsh
-- Installing: /home/mizu/workspace/homework_ws/recruit/src/install/img_process/share/img_process/local_setup.dsv
-- Installing: /home/mizu/workspace/homework_ws/recruit/src/install/img_process/share/img_process/package.dsv
-- Installing: /home/mizu/workspace/homework_ws/recruit/src/install/img_process/share/ament_index/resource_index/packages/img_process
-- Installing: /home/mizu/workspace/homework_ws/recruit/src/install/img_process/share/ament_index/resource_index/rclcpp_components/img_process
-- Installing: /home/mizu/workspace/homework_ws/recruit/src/install/img_process/share/img_process/cmake/img_processConfig.cmake
-- Installing: /home/mizu/workspace/homework_ws/recruit/src/install/img_process/share/img_process/cmake/img_processConfig-version.cmake
-- Installing: /home/mizu/workspace/homework_ws/recruit/src/install/img_process/share/img_process/package.xml
