[0.011s] Invoking command in '/home/mizu/workspace/homework_ws/recruit/src/build/img_process': CMAKE_PREFIX_PATH=/opt/ros/humble /usr/bin/cmake /home/mizu/workspace/homework_ws/recruit/src/img_process -DCMAKE_INSTALL_PREFIX=/home/mizu/workspace/homework_ws/recruit/src/install/img_process
[0.063s] -- The C compiler identification is GNU 11.4.0
[0.114s] -- The CXX compiler identification is GNU 11.4.0
[0.120s] -- Detecting C compiler ABI info
[0.180s] -- Detecting C compiler ABI info - done
[0.187s] -- Check for working C compiler: /usr/bin/cc - skipped
[0.188s] -- Detecting C compile features
[0.188s] -- Detecting C compile features - done
[0.190s] -- Detecting CXX compiler ABI info
[0.269s] -- Detecting CXX compiler ABI info - done
[0.276s] -- Check for working CXX compiler: /usr/bin/c++ - skipped
[0.276s] -- Detecting CXX compile features
[0.277s] -- Detecting CXX compile features - done
[0.278s] -- Found ament_cmake: 1.3.12 (/opt/ros/humble/share/ament_cmake/cmake)
[0.390s] -- Found Python3: /usr/bin/python3 (found version "3.10.12") found components: Interpreter 
[0.448s] -- Found rclcpp_components: 16.0.17 (/opt/ros/humble/share/rclcpp_components/cmake)
[0.479s] -- Found rosidl_generator_c: 3.1.8 (/opt/ros/humble/share/rosidl_generator_c/cmake)
[0.482s] -- Found rosidl_adapter: 3.1.8 (/opt/ros/humble/share/rosidl_adapter/cmake)
[0.487s] -- Found rosidl_generator_cpp: 3.1.8 (/opt/ros/humble/share/rosidl_generator_cpp/cmake)
[0.495s] -- Using all available rosidl_typesupport_c: rosidl_typesupport_fastrtps_c;rosidl_typesupport_introspection_c
[0.503s] -- Using all available rosidl_typesupport_cpp: rosidl_typesupport_fastrtps_cpp;rosidl_typesupport_introspection_cpp
[0.544s] -- Found rmw_implementation_cmake: 6.1.2 (/opt/ros/humble/share/rmw_implementation_cmake/cmake)
[0.546s] -- Found rmw_fastrtps_cpp: 6.2.9 (/opt/ros/humble/share/rmw_fastrtps_cpp/cmake)
[0.622s] -- Found OpenSSL: /usr/lib/x86_64-linux-gnu/libcrypto.so (found version "3.0.2")  
[0.646s] -- Found FastRTPS: /opt/ros/humble/include  
[0.675s] -- Using RMW implementation 'rmw_fastrtps_cpp' as default
[0.680s] -- Looking for pthread.h
[0.738s] -- Looking for pthread.h - found
[0.738s] -- Performing Test CMAKE_HAVE_LIBC_PTHREAD
[0.806s] -- Performing Test CMAKE_HAVE_LIBC_PTHREAD - Success
[0.806s] -- Found Threads: TRUE  
[0.841s] -- Found cv_bridge: 3.2.1 (/opt/ros/humble/share/cv_bridge/cmake)
[0.866s] -- Found OpenCV: /usr/local (found version "4.12.0") 
[0.867s] -- Found ament_lint_auto: 0.12.14 (/opt/ros/humble/share/ament_lint_auto/cmake)
[0.919s] -- Added test 'cppcheck' to perform static code analysis on C / C++ code
[0.919s] -- Configured cppcheck include dirs: 
[0.919s] -- Configured cppcheck exclude dirs and/or files: 
[0.919s] -- Added test 'lint_cmake' to check CMake code style
[0.919s] -- Added test 'uncrustify' to check C / C++ code style
[0.919s] -- Configured uncrustify additional arguments: 
[0.919s] -- Added test 'xmllint' to check XML markup files
[0.919s] -- Configuring done
[0.927s] -- Generating done
[0.929s] -- Build files have been written to: /home/mizu/workspace/homework_ws/recruit/src/build/img_process
[0.936s] Invoked command in '/home/mizu/workspace/homework_ws/recruit/src/build/img_process' returned '0': CMAKE_PREFIX_PATH=/opt/ros/humble /usr/bin/cmake /home/mizu/workspace/homework_ws/recruit/src/img_process -DCMAKE_INSTALL_PREFIX=/home/mizu/workspace/homework_ws/recruit/src/install/img_process
[0.937s] Invoking command in '/home/mizu/workspace/homework_ws/recruit/src/build/img_process': CMAKE_PREFIX_PATH=/opt/ros/humble /usr/bin/cmake --build /home/mizu/workspace/homework_ws/recruit/src/build/img_process -- -j32 -l32
[0.978s] [ 50%] [32mBuilding CXX object CMakeFiles/img_process.dir/src/RawReceiver.cpp.o[0m
[2.887s] [01m[K/home/mizu/workspace/homework_ws/recruit/src/img_process/src/RawReceiver.cpp:[m[K In member function ‘[01m[Kvoid RawReceiver::imageCallback(const ConstSharedPtr&)[m[K’:
[2.887s] [01m[K/home/mizu/workspace/homework_ws/recruit/src/img_process/src/RawReceiver.cpp:54:20:[m[K [01;35m[Kwarning: [m[Kunused variable ‘[01m[Ky_center[m[K’ [[01;35m[K]8;;https://gcc.gnu.org/onlinedocs/gcc/Warning-Options.html#index-Wunused-variable-Wunused-variable]8;;[m[K]
[2.887s]    54 |             double [01;35m[Ky_center[m[K = it.y + it.height ;
[2.887s]       |                    [01;35m[K^~~~~~~~[m[K
[2.888s] [01m[K/home/mizu/workspace/homework_ws/recruit/src/img_process/src/RawReceiver.cpp:77:27:[m[K [01;35m[Kwarning: [m[Kcomparison of integer expressions of different signedness: ‘[01m[Kint[m[K’ and ‘[01m[Kstd::vector<cv::Rect_<int> >::size_type[m[K’ {aka ‘[01m[Klong unsigned int[m[K’} [[01;35m[K]8;;https://gcc.gnu.org/onlinedocs/gcc/Warning-Options.html#index-Wsign-compare-Wsign-compare]8;;[m[K]
[2.888s]    77 |         for (int i = 0; [01;35m[Ki < contours_rect_.size()[m[K; i++) if (
[2.888s]       |                         [01;35m[K~~^~~~~~~~~~~~~~~~~~~~~~~[m[K
[7.406s] [100%] [32m[1mLinking CXX shared library libimg_process.so[0m
[7.718s] [100%] Built target img_process
[7.727s] Invoked command in '/home/mizu/workspace/homework_ws/recruit/src/build/img_process' returned '0': CMAKE_PREFIX_PATH=/opt/ros/humble /usr/bin/cmake --build /home/mizu/workspace/homework_ws/recruit/src/build/img_process -- -j32 -l32
[7.728s] Invoking command in '/home/mizu/workspace/homework_ws/recruit/src/build/img_process': CMAKE_PREFIX_PATH=/opt/ros/humble /usr/bin/cmake --install /home/mizu/workspace/homework_ws/recruit/src/build/img_process
[7.736s] -- Install configuration: ""
[7.737s] -- Installing: /home/mizu/workspace/homework_ws/recruit/src/install/img_process/lib/libimg_process.so
[7.740s] -- Set runtime path of "/home/mizu/workspace/homework_ws/recruit/src/install/img_process/lib/libimg_process.so" to ""
[7.741s] -- Installing: /home/mizu/workspace/homework_ws/recruit/src/install/img_process/share/ament_index/resource_index/package_run_dependencies/img_process
[7.741s] -- Installing: /home/mizu/workspace/homework_ws/recruit/src/install/img_process/share/ament_index/resource_index/parent_prefix_path/img_process
[7.741s] -- Installing: /home/mizu/workspace/homework_ws/recruit/src/install/img_process/share/img_process/environment/ament_prefix_path.sh
[7.741s] -- Installing: /home/mizu/workspace/homework_ws/recruit/src/install/img_process/share/img_process/environment/ament_prefix_path.dsv
[7.741s] -- Installing: /home/mizu/workspace/homework_ws/recruit/src/install/img_process/share/img_process/environment/path.sh
[7.741s] -- Installing: /home/mizu/workspace/homework_ws/recruit/src/install/img_process/share/img_process/environment/path.dsv
[7.741s] -- Installing: /home/mizu/workspace/homework_ws/recruit/src/install/img_process/share/img_process/local_setup.bash
[7.741s] -- Installing: /home/mizu/workspace/homework_ws/recruit/src/install/img_process/share/img_process/local_setup.sh
[7.741s] -- Installing: /home/mizu/workspace/homework_ws/recruit/src/install/img_process/share/img_process/local_setup.zsh
[7.741s] -- Installing: /home/mizu/workspace/homework_ws/recruit/src/install/img_process/share/img_process/local_setup.dsv
[7.741s] -- Installing: /home/mizu/workspace/homework_ws/recruit/src/install/img_process/share/img_process/package.dsv
[7.741s] -- Installing: /home/mizu/workspace/homework_ws/recruit/src/install/img_process/share/ament_index/resource_index/packages/img_process
[7.741s] -- Installing: /home/mizu/workspace/homework_ws/recruit/src/install/img_process/share/ament_index/resource_index/rclcpp_components/img_process
[7.741s] -- Installing: /home/mizu/workspace/homework_ws/recruit/src/install/img_process/share/img_process/cmake/img_processConfig.cmake
[7.741s] -- Installing: /home/mizu/workspace/homework_ws/recruit/src/install/img_process/share/img_process/cmake/img_processConfig-version.cmake
[7.741s] -- Installing: /home/mizu/workspace/homework_ws/recruit/src/install/img_process/share/img_process/package.xml
[7.743s] Invoked command in '/home/mizu/workspace/homework_ws/recruit/src/build/img_process' returned '0': CMAKE_PREFIX_PATH=/opt/ros/humble /usr/bin/cmake --install /home/mizu/workspace/homework_ws/recruit/src/build/img_process
