[0.012s] Invoking command in '/home/mizu/workspace/homework_ws/recruit/src/build/decider': CMAKE_PREFIX_PATH=/opt/ros/humble /usr/bin/cmake /home/mizu/workspace/homework_ws/recruit/src/decider -DCMAKE_INSTALL_PREFIX=/home/mizu/workspace/homework_ws/recruit/src/install/decider
[0.064s] -- The C compiler identification is GNU 11.4.0
[0.117s] -- The CXX compiler identification is GNU 11.4.0
[0.124s] -- Detecting C compiler ABI info
[0.189s] -- Detecting C compiler ABI info - done
[0.195s] -- Check for working C compiler: /usr/bin/cc - skipped
[0.196s] -- Detecting C compile features
[0.196s] -- Detecting C compile features - done
[0.198s] -- Detecting CXX compiler ABI info
[0.271s] -- Detecting CXX compiler ABI info - done
[0.276s] -- Check for working CXX compiler: /usr/bin/c++ - skipped
[0.277s] -- Detecting CXX compile features
[0.277s] -- Detecting CXX compile features - done
[0.278s] -- Found ament_cmake: 1.3.12 (/opt/ros/humble/share/ament_cmake/cmake)
[0.404s] -- Found Python3: /usr/bin/python3 (found version "3.10.12") found components: Interpreter 
[0.470s] -- Found rclcpp_components: 16.0.17 (/opt/ros/humble/share/rclcpp_components/cmake)
[0.504s] -- Found rosidl_generator_c: 3.1.8 (/opt/ros/humble/share/rosidl_generator_c/cmake)
[0.507s] -- Found rosidl_adapter: 3.1.8 (/opt/ros/humble/share/rosidl_adapter/cmake)
[0.512s] -- Found rosidl_generator_cpp: 3.1.8 (/opt/ros/humble/share/rosidl_generator_cpp/cmake)
[0.519s] -- Using all available rosidl_typesupport_c: rosidl_typesupport_fastrtps_c;rosidl_typesupport_introspection_c
[0.527s] -- Using all available rosidl_typesupport_cpp: rosidl_typesupport_fastrtps_cpp;rosidl_typesupport_introspection_cpp
[0.567s] -- Found rmw_implementation_cmake: 6.1.2 (/opt/ros/humble/share/rmw_implementation_cmake/cmake)
[0.568s] -- Found rmw_fastrtps_cpp: 6.2.9 (/opt/ros/humble/share/rmw_fastrtps_cpp/cmake)
[0.641s] -- Found OpenSSL: /usr/lib/x86_64-linux-gnu/libcrypto.so (found version "3.0.2")  
[0.663s] -- Found FastRTPS: /opt/ros/humble/include  
[0.689s] -- Using RMW implementation 'rmw_fastrtps_cpp' as default
[0.693s] -- Looking for pthread.h
[0.751s] -- Looking for pthread.h - found
[0.751s] -- Performing Test CMAKE_HAVE_LIBC_PTHREAD
[0.814s] -- Performing Test CMAKE_HAVE_LIBC_PTHREAD - Success
[0.815s] -- Found Threads: TRUE  
[0.849s] -- Found ament_lint_auto: 0.12.14 (/opt/ros/humble/share/ament_lint_auto/cmake)
[0.899s] -- Added test 'cppcheck' to perform static code analysis on C / C++ code
[0.899s] -- Configured cppcheck include dirs: 
[0.899s] -- Configured cppcheck exclude dirs and/or files: 
[0.899s] -- Added test 'lint_cmake' to check CMake code style
[0.899s] -- Added test 'uncrustify' to check C / C++ code style
[0.899s] -- Configured uncrustify additional arguments: 
[0.900s] -- Added test 'xmllint' to check XML markup files
[0.900s] -- Configuring done
[0.905s] -- Generating done
[0.908s] -- Build files have been written to: /home/mizu/workspace/homework_ws/recruit/src/build/decider
[0.915s] Invoked command in '/home/mizu/workspace/homework_ws/recruit/src/build/decider' returned '0': CMAKE_PREFIX_PATH=/opt/ros/humble /usr/bin/cmake /home/mizu/workspace/homework_ws/recruit/src/decider -DCMAKE_INSTALL_PREFIX=/home/mizu/workspace/homework_ws/recruit/src/install/decider
[0.916s] Invoking command in '/home/mizu/workspace/homework_ws/recruit/src/build/decider': CMAKE_PREFIX_PATH=/opt/ros/humble /usr/bin/cmake --build /home/mizu/workspace/homework_ws/recruit/src/build/decider -- -j32 -l32
[0.959s] [ 50%] [32mBuilding CXX object CMakeFiles/decider.dir/src/Decider.cpp.o[0m
[6.179s] [100%] [32m[1mLinking CXX shared library libdecider.so[0m
[6.442s] [100%] Built target decider
[6.453s] Invoked command in '/home/mizu/workspace/homework_ws/recruit/src/build/decider' returned '0': CMAKE_PREFIX_PATH=/opt/ros/humble /usr/bin/cmake --build /home/mizu/workspace/homework_ws/recruit/src/build/decider -- -j32 -l32
[6.455s] Invoking command in '/home/mizu/workspace/homework_ws/recruit/src/build/decider': CMAKE_PREFIX_PATH=/opt/ros/humble /usr/bin/cmake --install /home/mizu/workspace/homework_ws/recruit/src/build/decider
[6.462s] -- Install configuration: ""
[6.462s] -- Installing: /home/mizu/workspace/homework_ws/recruit/src/install/decider/lib/libdecider.so
[6.465s] -- Set runtime path of "/home/mizu/workspace/homework_ws/recruit/src/install/decider/lib/libdecider.so" to ""
[6.465s] -- Installing: /home/mizu/workspace/homework_ws/recruit/src/install/decider/share/ament_index/resource_index/package_run_dependencies/decider
[6.465s] -- Installing: /home/mizu/workspace/homework_ws/recruit/src/install/decider/share/ament_index/resource_index/parent_prefix_path/decider
[6.466s] -- Installing: /home/mizu/workspace/homework_ws/recruit/src/install/decider/share/decider/environment/ament_prefix_path.sh
[6.466s] -- Installing: /home/mizu/workspace/homework_ws/recruit/src/install/decider/share/decider/environment/ament_prefix_path.dsv
[6.466s] -- Installing: /home/mizu/workspace/homework_ws/recruit/src/install/decider/share/decider/environment/path.sh
[6.466s] -- Installing: /home/mizu/workspace/homework_ws/recruit/src/install/decider/share/decider/environment/path.dsv
[6.466s] -- Installing: /home/mizu/workspace/homework_ws/recruit/src/install/decider/share/decider/local_setup.bash
[6.466s] -- Installing: /home/mizu/workspace/homework_ws/recruit/src/install/decider/share/decider/local_setup.sh
[6.466s] -- Installing: /home/mizu/workspace/homework_ws/recruit/src/install/decider/share/decider/local_setup.zsh
[6.466s] -- Installing: /home/mizu/workspace/homework_ws/recruit/src/install/decider/share/decider/local_setup.dsv
[6.466s] -- Installing: /home/mizu/workspace/homework_ws/recruit/src/install/decider/share/decider/package.dsv
[6.466s] -- Installing: /home/mizu/workspace/homework_ws/recruit/src/install/decider/share/ament_index/resource_index/packages/decider
[6.466s] -- Installing: /home/mizu/workspace/homework_ws/recruit/src/install/decider/share/ament_index/resource_index/rclcpp_components/decider
[6.466s] -- Installing: /home/mizu/workspace/homework_ws/recruit/src/install/decider/share/decider/cmake/deciderConfig.cmake
[6.466s] -- Installing: /home/mizu/workspace/homework_ws/recruit/src/install/decider/share/decider/cmake/deciderConfig-version.cmake
[6.467s] -- Installing: /home/mizu/workspace/homework_ws/recruit/src/install/decider/share/decider/package.xml
[6.468s] Invoked command in '/home/mizu/workspace/homework_ws/recruit/src/build/decider' returned '0': CMAKE_PREFIX_PATH=/opt/ros/humble /usr/bin/cmake --install /home/mizu/workspace/homework_ws/recruit/src/build/decider
